CRITICAL - 2024-07-10 14:52:19 --> ErrorException: Maximum execution time of 60 seconds exceeded
in SYSTEMPATH\Debug\Exceptions.php on line 202.
 1 [internal function]: CodeIgniter\Debug\Exceptions->shutdownHandler()
CRITICAL - 2024-07-10 14:53:14 --> Error: Call to undefined function form_open()
in APPPATH\Views\v_home.php on line 17.
 1 SYSTEMPATH\View\View.php(228): include()
 2 SYSTEMPATH\View\View.php(231): CodeIgniter\View\View->CodeIgniter\View\{closure}()
 3 SYSTEMPATH\Common.php(1178): CodeIgniter\View\View->render('v_home', [], true)
 4 APPPATH\Controllers\Home.php(23): view('v_home', [...])
 5 SYSTEMPATH\CodeIgniter.php(941): App\Controllers\Home->index()
 6 SYSTEMPATH\CodeIgniter.php(502): CodeIgniter\CodeIgniter->runController(Object(App\Controllers\Home))
 7 SYSTEMPATH\CodeIgniter.php(361): CodeIgniter\CodeIgniter->handleRequest(null, Object(Config\Cache), false)
 8 FCPATH\index.php(79): CodeIgniter\CodeIgniter->run()
 9 SYSTEMPATH\Commands\Server\rewrite.php(47): require_once('D:\\CI4\\public\\index.php')
CRITICAL - 2024-07-10 14:55:51 --> Error: Call to undefined function form_open()
in APPPATH\Views\v_home.php on line 17.
 1 SYSTEMPATH\View\View.php(228): include()
 2 SYSTEMPATH\View\View.php(231): CodeIgniter\View\View->CodeIgniter\View\{closure}()
 3 SYSTEMPATH\Common.php(1178): CodeIgniter\View\View->render('v_home', [], true)
 4 APPPATH\Controllers\Home.php(24): view('v_home', [...])
 5 SYSTEMPATH\CodeIgniter.php(941): App\Controllers\Home->index()
 6 SYSTEMPATH\CodeIgniter.php(502): CodeIgniter\CodeIgniter->runController(Object(App\Controllers\Home))
 7 SYSTEMPATH\CodeIgniter.php(361): CodeIgniter\CodeIgniter->handleRequest(null, Object(Config\Cache), false)
 8 FCPATH\index.php(79): CodeIgniter\CodeIgniter->run()
 9 SYSTEMPATH\Commands\Server\rewrite.php(47): require_once('D:\\CI4\\public\\index.php')
CRITICAL - 2024-07-10 14:56:55 --> Error: Call to a member function contents() on null
in APPPATH\Controllers\TransaksiController.php on line 18.
 1 SYSTEMPATH\CodeIgniter.php(941): App\Controllers\TransaksiController->index()
 2 SYSTEMPATH\CodeIgniter.php(502): CodeIgniter\CodeIgniter->runController(Object(App\Controllers\TransaksiController))
 3 SYSTEMPATH\CodeIgniter.php(361): CodeIgniter\CodeIgniter->handleRequest(null, Object(Config\Cache), false)
 4 FCPATH\index.php(79): CodeIgniter\CodeIgniter->run()
 5 SYSTEMPATH\Commands\Server\rewrite.php(47): require_once('D:\\CI4\\public\\index.php')
CRITICAL - 2024-07-10 15:00:34 --> Error: Call to a member function contents() on null
in APPPATH\Controllers\TransaksiController.php on line 20.
 1 SYSTEMPATH\CodeIgniter.php(941): App\Controllers\TransaksiController->index()
 2 SYSTEMPATH\CodeIgniter.php(502): CodeIgniter\CodeIgniter->runController(Object(App\Controllers\TransaksiController))
 3 SYSTEMPATH\CodeIgniter.php(361): CodeIgniter\CodeIgniter->handleRequest(null, Object(Config\Cache), false)
 4 FCPATH\index.php(79): CodeIgniter\CodeIgniter->run()
 5 SYSTEMPATH\Commands\Server\rewrite.php(47): require_once('D:\\CI4\\public\\index.php')
CRITICAL - 2024-07-10 15:10:51 --> ErrorException: ini_set(): Session ini settings cannot be changed after headers have already been sent
in SYSTEMPATH\Session\Handlers\FileHandler.php on line 72.
 1 [internal function]: CodeIgniter\Debug\Exceptions->errorHandler(2, 'ini_set(): Session ini settings cannot be changed after headers have already been sent', 'D:\\CI4\\vendor\\codeigniter4\\framework\\system\\Session\\Handlers\\FileHandler.php', 72)
 2 SYSTEMPATH\Session\Handlers\FileHandler.php(72): ini_set('session.save_path', 'D:\\CI4\\writable\\session')
 3 SYSTEMPATH\Config\Services.php(686): CodeIgniter\Session\Handlers\FileHandler->__construct(Object(Config\Session), '::1')
 4 SYSTEMPATH\Config\BaseService.php(258): CodeIgniter\Config\Services::session(Object(Config\Session), false)
 5 SYSTEMPATH\Config\BaseService.php(199): CodeIgniter\Config\BaseService::__callStatic('session', [...])
 6 SYSTEMPATH\Config\Services.php(664): CodeIgniter\Config\BaseService::getSharedInstance('session', null)
 7 SYSTEMPATH\Config\BaseService.php(258): CodeIgniter\Config\Services::session()
 8 SYSTEMPATH\Common.php(982): CodeIgniter\Config\BaseService::__callStatic('session', [])
 9 APPPATH\Filters\Auth.php(14): session()
10 SYSTEMPATH\Filters\Filters.php(184): App\Filters\Auth->before(Object(CodeIgniter\HTTP\IncomingRequest), null)
11 SYSTEMPATH\CodeIgniter.php(474): CodeIgniter\Filters\Filters->run('produk', 'before')
12 SYSTEMPATH\CodeIgniter.php(361): CodeIgniter\CodeIgniter->handleRequest(null, Object(Config\Cache), false)
13 FCPATH\index.php(79): CodeIgniter\CodeIgniter->run()
14 SYSTEMPATH\Commands\Server\rewrite.php(47): require_once('D:\\CI4\\public\\index.php')
CRITICAL - 2024-07-10 15:11:11 --> Error: Call to a member function contents() on null
in APPPATH\Controllers\TransaksiController.php on line 20.
 1 SYSTEMPATH\CodeIgniter.php(941): App\Controllers\TransaksiController->index()
 2 SYSTEMPATH\CodeIgniter.php(502): CodeIgniter\CodeIgniter->runController(Object(App\Controllers\TransaksiController))
 3 SYSTEMPATH\CodeIgniter.php(361): CodeIgniter\CodeIgniter->handleRequest(null, Object(Config\Cache), false)
 4 FCPATH\index.php(79): CodeIgniter\CodeIgniter->run()
 5 SYSTEMPATH\Commands\Server\rewrite.php(47): require_once('D:\\CI4\\public\\index.php')
CRITICAL - 2024-07-10 15:29:31 --> Error: Call to a member function contents() on null
in APPPATH\Controllers\TransaksiController.php on line 20.
 1 SYSTEMPATH\CodeIgniter.php(941): App\Controllers\TransaksiController->index()
 2 SYSTEMPATH\CodeIgniter.php(502): CodeIgniter\CodeIgniter->runController(Object(App\Controllers\TransaksiController))
 3 SYSTEMPATH\CodeIgniter.php(361): CodeIgniter\CodeIgniter->handleRequest(null, Object(Config\Cache), false)
 4 FCPATH\index.php(79): CodeIgniter\CodeIgniter->run()
 5 SYSTEMPATH\Commands\Server\rewrite.php(47): require_once('D:\\CI4\\public\\index.php')
CRITICAL - 2024-07-10 15:33:24 --> Error: Call to a member function insert() on null
in APPPATH\Controllers\TransaksiController.php on line 27.
 1 SYSTEMPATH\CodeIgniter.php(941): App\Controllers\TransaksiController->cart_add()
 2 SYSTEMPATH\CodeIgniter.php(502): CodeIgniter\CodeIgniter->runController(Object(App\Controllers\TransaksiController))
 3 SYSTEMPATH\CodeIgniter.php(361): CodeIgniter\CodeIgniter->handleRequest(null, Object(Config\Cache), false)
 4 FCPATH\index.php(79): CodeIgniter\CodeIgniter->run()
 5 SYSTEMPATH\Commands\Server\rewrite.php(47): require_once('D:\\CI4\\public\\index.php')
CRITICAL - 2024-07-10 15:45:18 --> Error: Call to a member function contents() on null
in APPPATH\Controllers\TransaksiController.php on line 20.
 1 SYSTEMPATH\CodeIgniter.php(941): App\Controllers\TransaksiController->index()
 2 SYSTEMPATH\CodeIgniter.php(502): CodeIgniter\CodeIgniter->runController(Object(App\Controllers\TransaksiController))
 3 SYSTEMPATH\CodeIgniter.php(361): CodeIgniter\CodeIgniter->handleRequest(null, Object(Config\Cache), false)
 4 FCPATH\index.php(79): CodeIgniter\CodeIgniter->run()
 5 SYSTEMPATH\Commands\Server\rewrite.php(47): require_once('D:\\CI4\\public\\index.php')
CRITICAL - 2024-07-10 16:17:58 --> Error: Call to a member function contents() on null
in APPPATH\Controllers\TransaksiController.php on line 20.
 1 SYSTEMPATH\CodeIgniter.php(941): App\Controllers\TransaksiController->index()
 2 SYSTEMPATH\CodeIgniter.php(502): CodeIgniter\CodeIgniter->runController(Object(App\Controllers\TransaksiController))
 3 SYSTEMPATH\CodeIgniter.php(361): CodeIgniter\CodeIgniter->handleRequest(null, Object(Config\Cache), false)
 4 FCPATH\index.php(79): CodeIgniter\CodeIgniter->run()
 5 SYSTEMPATH\Commands\Server\rewrite.php(47): require_once('D:\\CI4\\public\\index.php')
CRITICAL - 2024-07-10 16:21:10 --> Error: Call to a member function contents() on null
in APPPATH\Controllers\TransaksiController.php on line 20.
 1 SYSTEMPATH\CodeIgniter.php(941): App\Controllers\TransaksiController->index()
 2 SYSTEMPATH\CodeIgniter.php(502): CodeIgniter\CodeIgniter->runController(Object(App\Controllers\TransaksiController))
 3 SYSTEMPATH\CodeIgniter.php(361): CodeIgniter\CodeIgniter->handleRequest(null, Object(Config\Cache), false)
 4 FCPATH\index.php(79): CodeIgniter\CodeIgniter->run()
 5 SYSTEMPATH\Commands\Server\rewrite.php(47): require_once('D:\\CI4\\public\\index.php')
CRITICAL - 2024-07-10 16:21:45 --> Error: Call to a member function contents() on null
in APPPATH\Controllers\TransaksiController.php on line 20.
 1 SYSTEMPATH\CodeIgniter.php(941): App\Controllers\TransaksiController->index()
 2 SYSTEMPATH\CodeIgniter.php(502): CodeIgniter\CodeIgniter->runController(Object(App\Controllers\TransaksiController))
 3 SYSTEMPATH\CodeIgniter.php(361): CodeIgniter\CodeIgniter->handleRequest(null, Object(Config\Cache), false)
 4 FCPATH\index.php(79): CodeIgniter\CodeIgniter->run()
 5 SYSTEMPATH\Commands\Server\rewrite.php(47): require_once('D:\\CI4\\public\\index.php')
CRITICAL - 2024-07-10 16:48:29 --> Error: Call to a member function contents() on null
in APPPATH\Controllers\TransaksiController.php on line 27.
 1 SYSTEMPATH\CodeIgniter.php(941): App\Controllers\TransaksiController->index()
 2 SYSTEMPATH\CodeIgniter.php(502): CodeIgniter\CodeIgniter->runController(Object(App\Controllers\TransaksiController))
 3 SYSTEMPATH\CodeIgniter.php(361): CodeIgniter\CodeIgniter->handleRequest(null, Object(Config\Cache), false)
 4 FCPATH\index.php(79): CodeIgniter\CodeIgniter->run()
 5 SYSTEMPATH\Commands\Server\rewrite.php(47): require_once('D:\\CI4\\public\\index.php')
