CRITICAL - 2024-07-19 06:50:35 --> Error: Class "App\Controllers\TransactionModel" not found
in APPPATH\Controllers\ApiController.php on line 22.
 1 SYSTEMPATH\CodeIgniter.php(913): App\Controllers\ApiController->__construct()
 2 SYSTEMPATH\CodeIgniter.php(493): CodeIgniter\CodeIgniter->createController()
 3 SYSTEMPATH\CodeIgniter.php(361): CodeIgniter\CodeIgniter->handleRequest(null, Object(Config\Cache), false)
 4 FCPATH\index.php(79): CodeIgniter\CodeIgniter->run()
 5 SYSTEMPATH\Commands\Server\rewrite.php(47): require_once('C:\\xampp\\htdocs\\CI4\\public\\index.php')
CRITICAL - 2024-07-19 06:50:36 --> Error: Class "App\Controllers\TransactionModel" not found
in APPPATH\Controllers\ApiController.php on line 22.
 1 SYSTEMPATH\CodeIgniter.php(913): App\Controllers\ApiController->__construct()
 2 SYSTEMPATH\CodeIgniter.php(493): CodeIgniter\CodeIgniter->createController()
 3 SYSTEMPATH\CodeIgniter.php(361): CodeIgniter\CodeIgniter->handleRequest(null, Object(Config\Cache), false)
 4 FCPATH\index.php(79): CodeIgniter\CodeIgniter->run()
 5 SYSTEMPATH\Commands\Server\rewrite.php(47): require_once('C:\\xampp\\htdocs\\CI4\\public\\index.php')
CRITICAL - 2024-07-19 06:50:36 --> Error: Class "App\Controllers\TransactionModel" not found
in APPPATH\Controllers\ApiController.php on line 22.
 1 SYSTEMPATH\CodeIgniter.php(913): App\Controllers\ApiController->__construct()
 2 SYSTEMPATH\CodeIgniter.php(493): CodeIgniter\CodeIgniter->createController()
 3 SYSTEMPATH\CodeIgniter.php(361): CodeIgniter\CodeIgniter->handleRequest(null, Object(Config\Cache), false)
 4 FCPATH\index.php(79): CodeIgniter\CodeIgniter->run()
 5 SYSTEMPATH\Commands\Server\rewrite.php(47): require_once('C:\\xampp\\htdocs\\CI4\\public\\index.php')
CRITICAL - 2024-07-19 06:50:36 --> Error: Class "App\Controllers\TransactionModel" not found
in APPPATH\Controllers\ApiController.php on line 22.
 1 SYSTEMPATH\CodeIgniter.php(913): App\Controllers\ApiController->__construct()
 2 SYSTEMPATH\CodeIgniter.php(493): CodeIgniter\CodeIgniter->createController()
 3 SYSTEMPATH\CodeIgniter.php(361): CodeIgniter\CodeIgniter->handleRequest(null, Object(Config\Cache), false)
 4 FCPATH\index.php(79): CodeIgniter\CodeIgniter->run()
 5 SYSTEMPATH\Commands\Server\rewrite.php(47): require_once('C:\\xampp\\htdocs\\CI4\\public\\index.php')
CRITICAL - 2024-07-19 06:50:36 --> Error: Class "App\Controllers\TransactionModel" not found
in APPPATH\Controllers\ApiController.php on line 22.
 1 SYSTEMPATH\CodeIgniter.php(913): App\Controllers\ApiController->__construct()
 2 SYSTEMPATH\CodeIgniter.php(493): CodeIgniter\CodeIgniter->createController()
 3 SYSTEMPATH\CodeIgniter.php(361): CodeIgniter\CodeIgniter->handleRequest(null, Object(Config\Cache), false)
 4 FCPATH\index.php(79): CodeIgniter\CodeIgniter->run()
 5 SYSTEMPATH\Commands\Server\rewrite.php(47): require_once('C:\\xampp\\htdocs\\CI4\\public\\index.php')
CRITICAL - 2024-07-19 06:50:36 --> Error: Class "App\Controllers\TransactionModel" not found
in APPPATH\Controllers\ApiController.php on line 22.
 1 SYSTEMPATH\CodeIgniter.php(913): App\Controllers\ApiController->__construct()
 2 SYSTEMPATH\CodeIgniter.php(493): CodeIgniter\CodeIgniter->createController()
 3 SYSTEMPATH\CodeIgniter.php(361): CodeIgniter\CodeIgniter->handleRequest(null, Object(Config\Cache), false)
 4 FCPATH\index.php(79): CodeIgniter\CodeIgniter->run()
 5 SYSTEMPATH\Commands\Server\rewrite.php(47): require_once('C:\\xampp\\htdocs\\CI4\\public\\index.php')
CRITICAL - 2024-07-19 08:17:57 --> Error: Class "App\Controllers\TransactionModel" not found
in APPPATH\Controllers\ApiController.php on line 22.
 1 SYSTEMPATH\CodeIgniter.php(913): App\Controllers\ApiController->__construct()
 2 SYSTEMPATH\CodeIgniter.php(493): CodeIgniter\CodeIgniter->createController()
 3 SYSTEMPATH\CodeIgniter.php(361): CodeIgniter\CodeIgniter->handleRequest(null, Object(Config\Cache), false)
 4 FCPATH\index.php(79): CodeIgniter\CodeIgniter->run()
 5 SYSTEMPATH\Commands\Server\rewrite.php(47): require_once('C:\\xampp\\htdocs\\CI4\\public\\index.php')
CRITICAL - 2024-07-19 08:17:58 --> Error: Class "App\Controllers\TransactionModel" not found
in APPPATH\Controllers\ApiController.php on line 22.
 1 SYSTEMPATH\CodeIgniter.php(913): App\Controllers\ApiController->__construct()
 2 SYSTEMPATH\CodeIgniter.php(493): CodeIgniter\CodeIgniter->createController()
 3 SYSTEMPATH\CodeIgniter.php(361): CodeIgniter\CodeIgniter->handleRequest(null, Object(Config\Cache), false)
 4 FCPATH\index.php(79): CodeIgniter\CodeIgniter->run()
 5 SYSTEMPATH\Commands\Server\rewrite.php(47): require_once('C:\\xampp\\htdocs\\CI4\\public\\index.php')
CRITICAL - 2024-07-19 08:17:58 --> Error: Class "App\Controllers\TransactionModel" not found
in APPPATH\Controllers\ApiController.php on line 22.
 1 SYSTEMPATH\CodeIgniter.php(913): App\Controllers\ApiController->__construct()
 2 SYSTEMPATH\CodeIgniter.php(493): CodeIgniter\CodeIgniter->createController()
 3 SYSTEMPATH\CodeIgniter.php(361): CodeIgniter\CodeIgniter->handleRequest(null, Object(Config\Cache), false)
 4 FCPATH\index.php(79): CodeIgniter\CodeIgniter->run()
 5 SYSTEMPATH\Commands\Server\rewrite.php(47): require_once('C:\\xampp\\htdocs\\CI4\\public\\index.php')
CRITICAL - 2024-07-19 08:17:58 --> Error: Class "App\Controllers\TransactionModel" not found
in APPPATH\Controllers\ApiController.php on line 22.
 1 SYSTEMPATH\CodeIgniter.php(913): App\Controllers\ApiController->__construct()
 2 SYSTEMPATH\CodeIgniter.php(493): CodeIgniter\CodeIgniter->createController()
 3 SYSTEMPATH\CodeIgniter.php(361): CodeIgniter\CodeIgniter->handleRequest(null, Object(Config\Cache), false)
 4 FCPATH\index.php(79): CodeIgniter\CodeIgniter->run()
 5 SYSTEMPATH\Commands\Server\rewrite.php(47): require_once('C:\\xampp\\htdocs\\CI4\\public\\index.php')
CRITICAL - 2024-07-19 08:17:59 --> Error: Class "App\Controllers\TransactionModel" not found
in APPPATH\Controllers\ApiController.php on line 22.
 1 SYSTEMPATH\CodeIgniter.php(913): App\Controllers\ApiController->__construct()
 2 SYSTEMPATH\CodeIgniter.php(493): CodeIgniter\CodeIgniter->createController()
 3 SYSTEMPATH\CodeIgniter.php(361): CodeIgniter\CodeIgniter->handleRequest(null, Object(Config\Cache), false)
 4 FCPATH\index.php(79): CodeIgniter\CodeIgniter->run()
 5 SYSTEMPATH\Commands\Server\rewrite.php(47): require_once('C:\\xampp\\htdocs\\CI4\\public\\index.php')
CRITICAL - 2024-07-19 08:17:59 --> Error: Class "App\Controllers\TransactionModel" not found
in APPPATH\Controllers\ApiController.php on line 22.
 1 SYSTEMPATH\CodeIgniter.php(913): App\Controllers\ApiController->__construct()
 2 SYSTEMPATH\CodeIgniter.php(493): CodeIgniter\CodeIgniter->createController()
 3 SYSTEMPATH\CodeIgniter.php(361): CodeIgniter\CodeIgniter->handleRequest(null, Object(Config\Cache), false)
 4 FCPATH\index.php(79): CodeIgniter\CodeIgniter->run()
 5 SYSTEMPATH\Commands\Server\rewrite.php(47): require_once('C:\\xampp\\htdocs\\CI4\\public\\index.php')
CRITICAL - 2024-07-19 08:19:43 --> Error: Class "App\Controllers\TransactionModel" not found
in APPPATH\Controllers\ApiController.php on line 22.
 1 SYSTEMPATH\CodeIgniter.php(913): App\Controllers\ApiController->__construct()
 2 SYSTEMPATH\CodeIgniter.php(493): CodeIgniter\CodeIgniter->createController()
 3 SYSTEMPATH\CodeIgniter.php(361): CodeIgniter\CodeIgniter->handleRequest(null, Object(Config\Cache), false)
 4 FCPATH\index.php(79): CodeIgniter\CodeIgniter->run()
 5 SYSTEMPATH\Commands\Server\rewrite.php(47): require_once('C:\\xampp\\htdocs\\CI4\\public\\index.php')
CRITICAL - 2024-07-19 08:19:43 --> Error: Class "App\Controllers\TransactionModel" not found
in APPPATH\Controllers\ApiController.php on line 22.
 1 SYSTEMPATH\CodeIgniter.php(913): App\Controllers\ApiController->__construct()
 2 SYSTEMPATH\CodeIgniter.php(493): CodeIgniter\CodeIgniter->createController()
 3 SYSTEMPATH\CodeIgniter.php(361): CodeIgniter\CodeIgniter->handleRequest(null, Object(Config\Cache), false)
 4 FCPATH\index.php(79): CodeIgniter\CodeIgniter->run()
 5 SYSTEMPATH\Commands\Server\rewrite.php(47): require_once('C:\\xampp\\htdocs\\CI4\\public\\index.php')
CRITICAL - 2024-07-19 08:19:43 --> Error: Class "App\Controllers\TransactionModel" not found
in APPPATH\Controllers\ApiController.php on line 22.
 1 SYSTEMPATH\CodeIgniter.php(913): App\Controllers\ApiController->__construct()
 2 SYSTEMPATH\CodeIgniter.php(493): CodeIgniter\CodeIgniter->createController()
 3 SYSTEMPATH\CodeIgniter.php(361): CodeIgniter\CodeIgniter->handleRequest(null, Object(Config\Cache), false)
 4 FCPATH\index.php(79): CodeIgniter\CodeIgniter->run()
 5 SYSTEMPATH\Commands\Server\rewrite.php(47): require_once('C:\\xampp\\htdocs\\CI4\\public\\index.php')
CRITICAL - 2024-07-19 08:19:44 --> Error: Class "App\Controllers\TransactionModel" not found
in APPPATH\Controllers\ApiController.php on line 22.
 1 SYSTEMPATH\CodeIgniter.php(913): App\Controllers\ApiController->__construct()
 2 SYSTEMPATH\CodeIgniter.php(493): CodeIgniter\CodeIgniter->createController()
 3 SYSTEMPATH\CodeIgniter.php(361): CodeIgniter\CodeIgniter->handleRequest(null, Object(Config\Cache), false)
 4 FCPATH\index.php(79): CodeIgniter\CodeIgniter->run()
 5 SYSTEMPATH\Commands\Server\rewrite.php(47): require_once('C:\\xampp\\htdocs\\CI4\\public\\index.php')
CRITICAL - 2024-07-19 08:19:44 --> Error: Class "App\Controllers\TransactionModel" not found
in APPPATH\Controllers\ApiController.php on line 22.
 1 SYSTEMPATH\CodeIgniter.php(913): App\Controllers\ApiController->__construct()
 2 SYSTEMPATH\CodeIgniter.php(493): CodeIgniter\CodeIgniter->createController()
 3 SYSTEMPATH\CodeIgniter.php(361): CodeIgniter\CodeIgniter->handleRequest(null, Object(Config\Cache), false)
 4 FCPATH\index.php(79): CodeIgniter\CodeIgniter->run()
 5 SYSTEMPATH\Commands\Server\rewrite.php(47): require_once('C:\\xampp\\htdocs\\CI4\\public\\index.php')
CRITICAL - 2024-07-19 08:19:44 --> Error: Class "App\Controllers\TransactionModel" not found
in APPPATH\Controllers\ApiController.php on line 22.
 1 SYSTEMPATH\CodeIgniter.php(913): App\Controllers\ApiController->__construct()
 2 SYSTEMPATH\CodeIgniter.php(493): CodeIgniter\CodeIgniter->createController()
 3 SYSTEMPATH\CodeIgniter.php(361): CodeIgniter\CodeIgniter->handleRequest(null, Object(Config\Cache), false)
 4 FCPATH\index.php(79): CodeIgniter\CodeIgniter->run()
 5 SYSTEMPATH\Commands\Server\rewrite.php(47): require_once('C:\\xampp\\htdocs\\CI4\\public\\index.php')
CRITICAL - 2024-07-19 08:20:30 --> Error: Class "App\Controllers\TransactionModel" not found
in APPPATH\Controllers\ApiController.php on line 22.
 1 SYSTEMPATH\CodeIgniter.php(913): App\Controllers\ApiController->__construct()
 2 SYSTEMPATH\CodeIgniter.php(493): CodeIgniter\CodeIgniter->createController()
 3 SYSTEMPATH\CodeIgniter.php(361): CodeIgniter\CodeIgniter->handleRequest(null, Object(Config\Cache), false)
 4 FCPATH\index.php(79): CodeIgniter\CodeIgniter->run()
 5 SYSTEMPATH\Commands\Server\rewrite.php(47): require_once('C:\\xampp\\htdocs\\CI4\\public\\index.php')
CRITICAL - 2024-07-19 08:20:30 --> Error: Class "App\Controllers\TransactionModel" not found
in APPPATH\Controllers\ApiController.php on line 22.
 1 SYSTEMPATH\CodeIgniter.php(913): App\Controllers\ApiController->__construct()
 2 SYSTEMPATH\CodeIgniter.php(493): CodeIgniter\CodeIgniter->createController()
 3 SYSTEMPATH\CodeIgniter.php(361): CodeIgniter\CodeIgniter->handleRequest(null, Object(Config\Cache), false)
 4 FCPATH\index.php(79): CodeIgniter\CodeIgniter->run()
 5 SYSTEMPATH\Commands\Server\rewrite.php(47): require_once('C:\\xampp\\htdocs\\CI4\\public\\index.php')
CRITICAL - 2024-07-19 08:20:31 --> Error: Class "App\Controllers\TransactionModel" not found
in APPPATH\Controllers\ApiController.php on line 22.
 1 SYSTEMPATH\CodeIgniter.php(913): App\Controllers\ApiController->__construct()
 2 SYSTEMPATH\CodeIgniter.php(493): CodeIgniter\CodeIgniter->createController()
 3 SYSTEMPATH\CodeIgniter.php(361): CodeIgniter\CodeIgniter->handleRequest(null, Object(Config\Cache), false)
 4 FCPATH\index.php(79): CodeIgniter\CodeIgniter->run()
 5 SYSTEMPATH\Commands\Server\rewrite.php(47): require_once('C:\\xampp\\htdocs\\CI4\\public\\index.php')
CRITICAL - 2024-07-19 08:20:31 --> Error: Class "App\Controllers\TransactionModel" not found
in APPPATH\Controllers\ApiController.php on line 22.
 1 SYSTEMPATH\CodeIgniter.php(913): App\Controllers\ApiController->__construct()
 2 SYSTEMPATH\CodeIgniter.php(493): CodeIgniter\CodeIgniter->createController()
 3 SYSTEMPATH\CodeIgniter.php(361): CodeIgniter\CodeIgniter->handleRequest(null, Object(Config\Cache), false)
 4 FCPATH\index.php(79): CodeIgniter\CodeIgniter->run()
 5 SYSTEMPATH\Commands\Server\rewrite.php(47): require_once('C:\\xampp\\htdocs\\CI4\\public\\index.php')
CRITICAL - 2024-07-19 08:20:31 --> Error: Class "App\Controllers\TransactionModel" not found
in APPPATH\Controllers\ApiController.php on line 22.
 1 SYSTEMPATH\CodeIgniter.php(913): App\Controllers\ApiController->__construct()
 2 SYSTEMPATH\CodeIgniter.php(493): CodeIgniter\CodeIgniter->createController()
 3 SYSTEMPATH\CodeIgniter.php(361): CodeIgniter\CodeIgniter->handleRequest(null, Object(Config\Cache), false)
 4 FCPATH\index.php(79): CodeIgniter\CodeIgniter->run()
 5 SYSTEMPATH\Commands\Server\rewrite.php(47): require_once('C:\\xampp\\htdocs\\CI4\\public\\index.php')
CRITICAL - 2024-07-19 08:20:31 --> Error: Class "App\Controllers\TransactionModel" not found
in APPPATH\Controllers\ApiController.php on line 22.
 1 SYSTEMPATH\CodeIgniter.php(913): App\Controllers\ApiController->__construct()
 2 SYSTEMPATH\CodeIgniter.php(493): CodeIgniter\CodeIgniter->createController()
 3 SYSTEMPATH\CodeIgniter.php(361): CodeIgniter\CodeIgniter->handleRequest(null, Object(Config\Cache), false)
 4 FCPATH\index.php(79): CodeIgniter\CodeIgniter->run()
 5 SYSTEMPATH\Commands\Server\rewrite.php(47): require_once('C:\\xampp\\htdocs\\CI4\\public\\index.php')
CRITICAL - 2024-07-19 08:45:51 --> ErrorException: Undefined property: App\Controllers\ApiController::$apiKey
in APPPATH\Controllers\ApiController.php on line 120.
 1 APPPATH\Controllers\ApiController.php(120): CodeIgniter\Debug\Exceptions->errorHandler(2, 'Undefined property: App\\Controllers\\ApiController::$apiKey', 'C:\\xampp\\htdocs\\CI4\\app\\Controllers\\ApiController.php', 120)
 2 SYSTEMPATH\CodeIgniter.php(941): App\Controllers\ApiController->monthly()
 3 SYSTEMPATH\CodeIgniter.php(502): CodeIgniter\CodeIgniter->runController(Object(App\Controllers\ApiController))
 4 SYSTEMPATH\CodeIgniter.php(361): CodeIgniter\CodeIgniter->handleRequest(null, Object(Config\Cache), false)
 5 FCPATH\index.php(79): CodeIgniter\CodeIgniter->run()
 6 SYSTEMPATH\Commands\Server\rewrite.php(47): require_once('C:\\xampp\\htdocs\\CI4\\public\\index.php')
CRITICAL - 2024-07-19 08:45:51 --> ErrorException: Undefined property: App\Controllers\ApiController::$apiKey
in APPPATH\Controllers\ApiController.php on line 120.
 1 APPPATH\Controllers\ApiController.php(120): CodeIgniter\Debug\Exceptions->errorHandler(2, 'Undefined property: App\\Controllers\\ApiController::$apiKey', 'C:\\xampp\\htdocs\\CI4\\app\\Controllers\\ApiController.php', 120)
 2 SYSTEMPATH\CodeIgniter.php(941): App\Controllers\ApiController->monthly()
 3 SYSTEMPATH\CodeIgniter.php(502): CodeIgniter\CodeIgniter->runController(Object(App\Controllers\ApiController))
 4 SYSTEMPATH\CodeIgniter.php(361): CodeIgniter\CodeIgniter->handleRequest(null, Object(Config\Cache), false)
 5 FCPATH\index.php(79): CodeIgniter\CodeIgniter->run()
 6 SYSTEMPATH\Commands\Server\rewrite.php(47): require_once('C:\\xampp\\htdocs\\CI4\\public\\index.php')
CRITICAL - 2024-07-19 08:45:51 --> ErrorException: Undefined property: App\Controllers\ApiController::$apiKey
in APPPATH\Controllers\ApiController.php on line 120.
 1 APPPATH\Controllers\ApiController.php(120): CodeIgniter\Debug\Exceptions->errorHandler(2, 'Undefined property: App\\Controllers\\ApiController::$apiKey', 'C:\\xampp\\htdocs\\CI4\\app\\Controllers\\ApiController.php', 120)
 2 SYSTEMPATH\CodeIgniter.php(941): App\Controllers\ApiController->monthly()
 3 SYSTEMPATH\CodeIgniter.php(502): CodeIgniter\CodeIgniter->runController(Object(App\Controllers\ApiController))
 4 SYSTEMPATH\CodeIgniter.php(361): CodeIgniter\CodeIgniter->handleRequest(null, Object(Config\Cache), false)
 5 FCPATH\index.php(79): CodeIgniter\CodeIgniter->run()
 6 SYSTEMPATH\Commands\Server\rewrite.php(47): require_once('C:\\xampp\\htdocs\\CI4\\public\\index.php')
CRITICAL - 2024-07-19 08:45:51 --> ErrorException: Undefined property: App\Controllers\ApiController::$apiKey
in APPPATH\Controllers\ApiController.php on line 120.
 1 APPPATH\Controllers\ApiController.php(120): CodeIgniter\Debug\Exceptions->errorHandler(2, 'Undefined property: App\\Controllers\\ApiController::$apiKey', 'C:\\xampp\\htdocs\\CI4\\app\\Controllers\\ApiController.php', 120)
 2 SYSTEMPATH\CodeIgniter.php(941): App\Controllers\ApiController->monthly()
 3 SYSTEMPATH\CodeIgniter.php(502): CodeIgniter\CodeIgniter->runController(Object(App\Controllers\ApiController))
 4 SYSTEMPATH\CodeIgniter.php(361): CodeIgniter\CodeIgniter->handleRequest(null, Object(Config\Cache), false)
 5 FCPATH\index.php(79): CodeIgniter\CodeIgniter->run()
 6 SYSTEMPATH\Commands\Server\rewrite.php(47): require_once('C:\\xampp\\htdocs\\CI4\\public\\index.php')
CRITICAL - 2024-07-19 08:45:51 --> ErrorException: Undefined property: App\Controllers\ApiController::$apiKey
in APPPATH\Controllers\ApiController.php on line 120.
 1 APPPATH\Controllers\ApiController.php(120): CodeIgniter\Debug\Exceptions->errorHandler(2, 'Undefined property: App\\Controllers\\ApiController::$apiKey', 'C:\\xampp\\htdocs\\CI4\\app\\Controllers\\ApiController.php', 120)
 2 SYSTEMPATH\CodeIgniter.php(941): App\Controllers\ApiController->monthly()
 3 SYSTEMPATH\CodeIgniter.php(502): CodeIgniter\CodeIgniter->runController(Object(App\Controllers\ApiController))
 4 SYSTEMPATH\CodeIgniter.php(361): CodeIgniter\CodeIgniter->handleRequest(null, Object(Config\Cache), false)
 5 FCPATH\index.php(79): CodeIgniter\CodeIgniter->run()
 6 SYSTEMPATH\Commands\Server\rewrite.php(47): require_once('C:\\xampp\\htdocs\\CI4\\public\\index.php')
CRITICAL - 2024-07-19 08:45:51 --> ErrorException: Undefined property: App\Controllers\ApiController::$apiKey
in APPPATH\Controllers\ApiController.php on line 120.
 1 APPPATH\Controllers\ApiController.php(120): CodeIgniter\Debug\Exceptions->errorHandler(2, 'Undefined property: App\\Controllers\\ApiController::$apiKey', 'C:\\xampp\\htdocs\\CI4\\app\\Controllers\\ApiController.php', 120)
 2 SYSTEMPATH\CodeIgniter.php(941): App\Controllers\ApiController->monthly()
 3 SYSTEMPATH\CodeIgniter.php(502): CodeIgniter\CodeIgniter->runController(Object(App\Controllers\ApiController))
 4 SYSTEMPATH\CodeIgniter.php(361): CodeIgniter\CodeIgniter->handleRequest(null, Object(Config\Cache), false)
 5 FCPATH\index.php(79): CodeIgniter\CodeIgniter->run()
 6 SYSTEMPATH\Commands\Server\rewrite.php(47): require_once('C:\\xampp\\htdocs\\CI4\\public\\index.php')
CRITICAL - 2024-07-19 08:48:12 --> ErrorException: Undefined property: App\Controllers\ApiController::$apiKey
in APPPATH\Controllers\ApiController.php on line 120.
 1 APPPATH\Controllers\ApiController.php(120): CodeIgniter\Debug\Exceptions->errorHandler(2, 'Undefined property: App\\Controllers\\ApiController::$apiKey', 'C:\\xampp\\htdocs\\CI4\\app\\Controllers\\ApiController.php', 120)
 2 SYSTEMPATH\CodeIgniter.php(941): App\Controllers\ApiController->monthly()
 3 SYSTEMPATH\CodeIgniter.php(502): CodeIgniter\CodeIgniter->runController(Object(App\Controllers\ApiController))
 4 SYSTEMPATH\CodeIgniter.php(361): CodeIgniter\CodeIgniter->handleRequest(null, Object(Config\Cache), false)
 5 FCPATH\index.php(79): CodeIgniter\CodeIgniter->run()
 6 SYSTEMPATH\Commands\Server\rewrite.php(47): require_once('C:\\xampp\\htdocs\\CI4\\public\\index.php')
CRITICAL - 2024-07-19 08:48:13 --> ErrorException: Undefined property: App\Controllers\ApiController::$apiKey
in APPPATH\Controllers\ApiController.php on line 120.
 1 APPPATH\Controllers\ApiController.php(120): CodeIgniter\Debug\Exceptions->errorHandler(2, 'Undefined property: App\\Controllers\\ApiController::$apiKey', 'C:\\xampp\\htdocs\\CI4\\app\\Controllers\\ApiController.php', 120)
 2 SYSTEMPATH\CodeIgniter.php(941): App\Controllers\ApiController->monthly()
 3 SYSTEMPATH\CodeIgniter.php(502): CodeIgniter\CodeIgniter->runController(Object(App\Controllers\ApiController))
 4 SYSTEMPATH\CodeIgniter.php(361): CodeIgniter\CodeIgniter->handleRequest(null, Object(Config\Cache), false)
 5 FCPATH\index.php(79): CodeIgniter\CodeIgniter->run()
 6 SYSTEMPATH\Commands\Server\rewrite.php(47): require_once('C:\\xampp\\htdocs\\CI4\\public\\index.php')
CRITICAL - 2024-07-19 08:48:13 --> ErrorException: Undefined property: App\Controllers\ApiController::$apiKey
in APPPATH\Controllers\ApiController.php on line 120.
 1 APPPATH\Controllers\ApiController.php(120): CodeIgniter\Debug\Exceptions->errorHandler(2, 'Undefined property: App\\Controllers\\ApiController::$apiKey', 'C:\\xampp\\htdocs\\CI4\\app\\Controllers\\ApiController.php', 120)
 2 SYSTEMPATH\CodeIgniter.php(941): App\Controllers\ApiController->monthly()
 3 SYSTEMPATH\CodeIgniter.php(502): CodeIgniter\CodeIgniter->runController(Object(App\Controllers\ApiController))
 4 SYSTEMPATH\CodeIgniter.php(361): CodeIgniter\CodeIgniter->handleRequest(null, Object(Config\Cache), false)
 5 FCPATH\index.php(79): CodeIgniter\CodeIgniter->run()
 6 SYSTEMPATH\Commands\Server\rewrite.php(47): require_once('C:\\xampp\\htdocs\\CI4\\public\\index.php')
CRITICAL - 2024-07-19 08:48:13 --> ErrorException: Undefined property: App\Controllers\ApiController::$apiKey
in APPPATH\Controllers\ApiController.php on line 120.
 1 APPPATH\Controllers\ApiController.php(120): CodeIgniter\Debug\Exceptions->errorHandler(2, 'Undefined property: App\\Controllers\\ApiController::$apiKey', 'C:\\xampp\\htdocs\\CI4\\app\\Controllers\\ApiController.php', 120)
 2 SYSTEMPATH\CodeIgniter.php(941): App\Controllers\ApiController->monthly()
 3 SYSTEMPATH\CodeIgniter.php(502): CodeIgniter\CodeIgniter->runController(Object(App\Controllers\ApiController))
 4 SYSTEMPATH\CodeIgniter.php(361): CodeIgniter\CodeIgniter->handleRequest(null, Object(Config\Cache), false)
 5 FCPATH\index.php(79): CodeIgniter\CodeIgniter->run()
 6 SYSTEMPATH\Commands\Server\rewrite.php(47): require_once('C:\\xampp\\htdocs\\CI4\\public\\index.php')
CRITICAL - 2024-07-19 08:50:43 --> ErrorException: Undefined property: App\Controllers\ApiController::$apiKey
in APPPATH\Controllers\ApiController.php on line 120.
 1 APPPATH\Controllers\ApiController.php(120): CodeIgniter\Debug\Exceptions->errorHandler(2, 'Undefined property: App\\Controllers\\ApiController::$apiKey', 'C:\\xampp\\htdocs\\CI4\\app\\Controllers\\ApiController.php', 120)
 2 SYSTEMPATH\CodeIgniter.php(941): App\Controllers\ApiController->monthly()
 3 SYSTEMPATH\CodeIgniter.php(502): CodeIgniter\CodeIgniter->runController(Object(App\Controllers\ApiController))
 4 SYSTEMPATH\CodeIgniter.php(361): CodeIgniter\CodeIgniter->handleRequest(null, Object(Config\Cache), false)
 5 FCPATH\index.php(79): CodeIgniter\CodeIgniter->run()
 6 SYSTEMPATH\Commands\Server\rewrite.php(47): require_once('C:\\xampp\\htdocs\\CI4\\public\\index.php')
CRITICAL - 2024-07-19 08:50:43 --> ErrorException: Undefined property: App\Controllers\ApiController::$apiKey
in APPPATH\Controllers\ApiController.php on line 120.
 1 APPPATH\Controllers\ApiController.php(120): CodeIgniter\Debug\Exceptions->errorHandler(2, 'Undefined property: App\\Controllers\\ApiController::$apiKey', 'C:\\xampp\\htdocs\\CI4\\app\\Controllers\\ApiController.php', 120)
 2 SYSTEMPATH\CodeIgniter.php(941): App\Controllers\ApiController->monthly()
 3 SYSTEMPATH\CodeIgniter.php(502): CodeIgniter\CodeIgniter->runController(Object(App\Controllers\ApiController))
 4 SYSTEMPATH\CodeIgniter.php(361): CodeIgniter\CodeIgniter->handleRequest(null, Object(Config\Cache), false)
 5 FCPATH\index.php(79): CodeIgniter\CodeIgniter->run()
 6 SYSTEMPATH\Commands\Server\rewrite.php(47): require_once('C:\\xampp\\htdocs\\CI4\\public\\index.php')
CRITICAL - 2024-07-19 08:50:43 --> ErrorException: Undefined property: App\Controllers\ApiController::$apiKey
in APPPATH\Controllers\ApiController.php on line 120.
 1 APPPATH\Controllers\ApiController.php(120): CodeIgniter\Debug\Exceptions->errorHandler(2, 'Undefined property: App\\Controllers\\ApiController::$apiKey', 'C:\\xampp\\htdocs\\CI4\\app\\Controllers\\ApiController.php', 120)
 2 SYSTEMPATH\CodeIgniter.php(941): App\Controllers\ApiController->monthly()
 3 SYSTEMPATH\CodeIgniter.php(502): CodeIgniter\CodeIgniter->runController(Object(App\Controllers\ApiController))
 4 SYSTEMPATH\CodeIgniter.php(361): CodeIgniter\CodeIgniter->handleRequest(null, Object(Config\Cache), false)
 5 FCPATH\index.php(79): CodeIgniter\CodeIgniter->run()
 6 SYSTEMPATH\Commands\Server\rewrite.php(47): require_once('C:\\xampp\\htdocs\\CI4\\public\\index.php')
CRITICAL - 2024-07-19 08:50:44 --> ErrorException: Undefined property: App\Controllers\ApiController::$apiKey
in APPPATH\Controllers\ApiController.php on line 120.
 1 APPPATH\Controllers\ApiController.php(120): CodeIgniter\Debug\Exceptions->errorHandler(2, 'Undefined property: App\\Controllers\\ApiController::$apiKey', 'C:\\xampp\\htdocs\\CI4\\app\\Controllers\\ApiController.php', 120)
 2 SYSTEMPATH\CodeIgniter.php(941): App\Controllers\ApiController->monthly()
 3 SYSTEMPATH\CodeIgniter.php(502): CodeIgniter\CodeIgniter->runController(Object(App\Controllers\ApiController))
 4 SYSTEMPATH\CodeIgniter.php(361): CodeIgniter\CodeIgniter->handleRequest(null, Object(Config\Cache), false)
 5 FCPATH\index.php(79): CodeIgniter\CodeIgniter->run()
 6 SYSTEMPATH\Commands\Server\rewrite.php(47): require_once('C:\\xampp\\htdocs\\CI4\\public\\index.php')
CRITICAL - 2024-07-19 10:53:29 --> ErrorException: Undefined property: App\Controllers\ApiController::$apiKey
in APPPATH\Controllers\ApiController.php on line 120.
 1 APPPATH\Controllers\ApiController.php(120): CodeIgniter\Debug\Exceptions->errorHandler(2, 'Undefined property: App\\Controllers\\ApiController::$apiKey', 'C:\\xampp\\htdocs\\CI4\\app\\Controllers\\ApiController.php', 120)
 2 SYSTEMPATH\CodeIgniter.php(941): App\Controllers\ApiController->monthly()
 3 SYSTEMPATH\CodeIgniter.php(502): CodeIgniter\CodeIgniter->runController(Object(App\Controllers\ApiController))
 4 SYSTEMPATH\CodeIgniter.php(361): CodeIgniter\CodeIgniter->handleRequest(null, Object(Config\Cache), false)
 5 FCPATH\index.php(79): CodeIgniter\CodeIgniter->run()
 6 SYSTEMPATH\Commands\Server\rewrite.php(47): require_once('C:\\xampp\\htdocs\\CI4\\public\\index.php')
CRITICAL - 2024-07-19 10:53:29 --> ErrorException: Undefined property: App\Controllers\ApiController::$apiKey
in APPPATH\Controllers\ApiController.php on line 120.
 1 APPPATH\Controllers\ApiController.php(120): CodeIgniter\Debug\Exceptions->errorHandler(2, 'Undefined property: App\\Controllers\\ApiController::$apiKey', 'C:\\xampp\\htdocs\\CI4\\app\\Controllers\\ApiController.php', 120)
 2 SYSTEMPATH\CodeIgniter.php(941): App\Controllers\ApiController->monthly()
 3 SYSTEMPATH\CodeIgniter.php(502): CodeIgniter\CodeIgniter->runController(Object(App\Controllers\ApiController))
 4 SYSTEMPATH\CodeIgniter.php(361): CodeIgniter\CodeIgniter->handleRequest(null, Object(Config\Cache), false)
 5 FCPATH\index.php(79): CodeIgniter\CodeIgniter->run()
 6 SYSTEMPATH\Commands\Server\rewrite.php(47): require_once('C:\\xampp\\htdocs\\CI4\\public\\index.php')
CRITICAL - 2024-07-19 10:53:29 --> ErrorException: Undefined property: App\Controllers\ApiController::$apiKey
in APPPATH\Controllers\ApiController.php on line 120.
 1 APPPATH\Controllers\ApiController.php(120): CodeIgniter\Debug\Exceptions->errorHandler(2, 'Undefined property: App\\Controllers\\ApiController::$apiKey', 'C:\\xampp\\htdocs\\CI4\\app\\Controllers\\ApiController.php', 120)
 2 SYSTEMPATH\CodeIgniter.php(941): App\Controllers\ApiController->monthly()
 3 SYSTEMPATH\CodeIgniter.php(502): CodeIgniter\CodeIgniter->runController(Object(App\Controllers\ApiController))
 4 SYSTEMPATH\CodeIgniter.php(361): CodeIgniter\CodeIgniter->handleRequest(null, Object(Config\Cache), false)
 5 FCPATH\index.php(79): CodeIgniter\CodeIgniter->run()
 6 SYSTEMPATH\Commands\Server\rewrite.php(47): require_once('C:\\xampp\\htdocs\\CI4\\public\\index.php')
CRITICAL - 2024-07-19 10:54:25 --> ErrorException: Undefined property: App\Controllers\ApiController::$apiKey
in APPPATH\Controllers\ApiController.php on line 120.
 1 APPPATH\Controllers\ApiController.php(120): CodeIgniter\Debug\Exceptions->errorHandler(2, 'Undefined property: App\\Controllers\\ApiController::$apiKey', 'C:\\xampp\\htdocs\\CI4\\app\\Controllers\\ApiController.php', 120)
 2 SYSTEMPATH\CodeIgniter.php(941): App\Controllers\ApiController->monthly()
 3 SYSTEMPATH\CodeIgniter.php(502): CodeIgniter\CodeIgniter->runController(Object(App\Controllers\ApiController))
 4 SYSTEMPATH\CodeIgniter.php(361): CodeIgniter\CodeIgniter->handleRequest(null, Object(Config\Cache), false)
 5 FCPATH\index.php(79): CodeIgniter\CodeIgniter->run()
 6 SYSTEMPATH\Commands\Server\rewrite.php(47): require_once('C:\\xampp\\htdocs\\CI4\\public\\index.php')
CRITICAL - 2024-07-19 10:54:25 --> ErrorException: Undefined property: App\Controllers\ApiController::$apiKey
in APPPATH\Controllers\ApiController.php on line 120.
 1 APPPATH\Controllers\ApiController.php(120): CodeIgniter\Debug\Exceptions->errorHandler(2, 'Undefined property: App\\Controllers\\ApiController::$apiKey', 'C:\\xampp\\htdocs\\CI4\\app\\Controllers\\ApiController.php', 120)
 2 SYSTEMPATH\CodeIgniter.php(941): App\Controllers\ApiController->monthly()
 3 SYSTEMPATH\CodeIgniter.php(502): CodeIgniter\CodeIgniter->runController(Object(App\Controllers\ApiController))
 4 SYSTEMPATH\CodeIgniter.php(361): CodeIgniter\CodeIgniter->handleRequest(null, Object(Config\Cache), false)
 5 FCPATH\index.php(79): CodeIgniter\CodeIgniter->run()
 6 SYSTEMPATH\Commands\Server\rewrite.php(47): require_once('C:\\xampp\\htdocs\\CI4\\public\\index.php')
CRITICAL - 2024-07-19 10:54:26 --> ErrorException: Undefined property: App\Controllers\ApiController::$apiKey
in APPPATH\Controllers\ApiController.php on line 120.
 1 APPPATH\Controllers\ApiController.php(120): CodeIgniter\Debug\Exceptions->errorHandler(2, 'Undefined property: App\\Controllers\\ApiController::$apiKey', 'C:\\xampp\\htdocs\\CI4\\app\\Controllers\\ApiController.php', 120)
 2 SYSTEMPATH\CodeIgniter.php(941): App\Controllers\ApiController->monthly()
 3 SYSTEMPATH\CodeIgniter.php(502): CodeIgniter\CodeIgniter->runController(Object(App\Controllers\ApiController))
 4 SYSTEMPATH\CodeIgniter.php(361): CodeIgniter\CodeIgniter->handleRequest(null, Object(Config\Cache), false)
 5 FCPATH\index.php(79): CodeIgniter\CodeIgniter->run()
 6 SYSTEMPATH\Commands\Server\rewrite.php(47): require_once('C:\\xampp\\htdocs\\CI4\\public\\index.php')
INFO - 2024-07-19 18:00:51 --> Session: Class initialized using 'CodeIgniter\Session\Handlers\FileHandler' driver.
INFO - 2024-07-19 18:00:51 --> Session: Class initialized using 'CodeIgniter\Session\Handlers\FileHandler' driver.
INFO - 2024-07-19 18:05:04 --> Session: Class initialized using 'CodeIgniter\Session\Handlers\FileHandler' driver.
INFO - 2024-07-19 18:05:05 --> Session: Class initialized using 'CodeIgniter\Session\Handlers\FileHandler' driver.
INFO - 2024-07-19 18:05:48 --> Session: Class initialized using 'CodeIgniter\Session\Handlers\FileHandler' driver.
INFO - 2024-07-19 18:06:13 --> Session: Class initialized using 'CodeIgniter\Session\Handlers\FileHandler' driver.
INFO - 2024-07-19 18:06:46 --> Session: Class initialized using 'CodeIgniter\Session\Handlers\FileHandler' driver.
INFO - 2024-07-19 18:06:46 --> Session: Class initialized using 'CodeIgniter\Session\Handlers\FileHandler' driver.
INFO - 2024-07-19 18:06:55 --> Session: Class initialized using 'CodeIgniter\Session\Handlers\FileHandler' driver.
INFO - 2024-07-19 18:06:55 --> Session: Class initialized using 'CodeIgniter\Session\Handlers\FileHandler' driver.
INFO - 2024-07-19 18:20:53 --> Session: Class initialized using 'CodeIgniter\Session\Handlers\FileHandler' driver.
INFO - 2024-07-19 18:22:53 --> Session: Class initialized using 'CodeIgniter\Session\Handlers\FileHandler' driver.
INFO - 2024-07-19 18:39:02 --> Session: Class initialized using 'CodeIgniter\Session\Handlers\FileHandler' driver.
INFO - 2024-07-19 18:39:05 --> Session: Class initialized using 'CodeIgniter\Session\Handlers\FileHandler' driver.
INFO - 2024-07-19 18:39:18 --> Session: Class initialized using 'CodeIgniter\Session\Handlers\FileHandler' driver.
INFO - 2024-07-19 18:39:19 --> Session: Class initialized using 'CodeIgniter\Session\Handlers\FileHandler' driver.
INFO - 2024-07-19 18:39:46 --> Session: Class initialized using 'CodeIgniter\Session\Handlers\FileHandler' driver.
INFO - 2024-07-19 18:39:46 --> Session: Class initialized using 'CodeIgniter\Session\Handlers\FileHandler' driver.
INFO - 2024-07-19 18:40:00 --> Session: Class initialized using 'CodeIgniter\Session\Handlers\FileHandler' driver.
INFO - 2024-07-19 18:40:00 --> Session: Class initialized using 'CodeIgniter\Session\Handlers\FileHandler' driver.
INFO - 2024-07-19 18:43:26 --> Session: Class initialized using 'CodeIgniter\Session\Handlers\FileHandler' driver.
INFO - 2024-07-19 18:44:29 --> Session: Class initialized using 'CodeIgniter\Session\Handlers\FileHandler' driver.
INFO - 2024-07-19 18:44:29 --> Cart Class Initialized
INFO - 2024-07-19 18:44:31 --> Session: Class initialized using 'CodeIgniter\Session\Handlers\FileHandler' driver.
INFO - 2024-07-19 18:48:00 --> Session: Class initialized using 'CodeIgniter\Session\Handlers\FileHandler' driver.
INFO - 2024-07-19 18:48:06 --> Session: Class initialized using 'CodeIgniter\Session\Handlers\FileHandler' driver.
INFO - 2024-07-19 18:49:46 --> Session: Class initialized using 'CodeIgniter\Session\Handlers\FileHandler' driver.
INFO - 2024-07-19 18:49:51 --> Session: Class initialized using 'CodeIgniter\Session\Handlers\FileHandler' driver.
INFO - 2024-07-19 18:49:52 --> Session: Class initialized using 'CodeIgniter\Session\Handlers\FileHandler' driver.
INFO - 2024-07-19 18:49:52 --> Cart Class Initialized
INFO - 2024-07-19 18:49:55 --> Session: Class initialized using 'CodeIgniter\Session\Handlers\FileHandler' driver.
INFO - 2024-07-19 18:49:59 --> Session: Class initialized using 'CodeIgniter\Session\Handlers\FileHandler' driver.
INFO - 2024-07-19 18:49:59 --> Cart Class Initialized
INFO - 2024-07-19 18:57:31 --> Session: Class initialized using 'CodeIgniter\Session\Handlers\FileHandler' driver.
INFO - 2024-07-19 18:57:33 --> Session: Class initialized using 'CodeIgniter\Session\Handlers\FileHandler' driver.
INFO - 2024-07-19 18:58:15 --> Session: Class initialized using 'CodeIgniter\Session\Handlers\FileHandler' driver.
CRITICAL - 2024-07-19 18:58:15 --> ErrorException: Undefined variable $product
in APPPATH\Views\v_transaksi.php on line 47.
 1 APPPATH\Views\v_transaksi.php(47): CodeIgniter\Debug\Exceptions->errorHandler(2, 'Undefined variable $product', 'D:\\Freelance\\ci4_toko\\CI4\\app\\Views\\v_transaksi.php', 47)
 2 SYSTEMPATH\View\View.php(228): include('D:\\Freelance\\ci4_toko\\CI4\\app\\Views\\v_transaksi.php')
 3 SYSTEMPATH\View\View.php(231): CodeIgniter\View\View->CodeIgniter\View\{closure}()
 4 SYSTEMPATH\Common.php(1178): CodeIgniter\View\View->render('v_transaksi', [], true)
 5 APPPATH\Controllers\TransaksiMenuController.php(24): view('v_transaksi', [...])
 6 SYSTEMPATH\CodeIgniter.php(941): App\Controllers\TransaksiMenuController->index()
 7 SYSTEMPATH\CodeIgniter.php(502): CodeIgniter\CodeIgniter->runController(Object(App\Controllers\TransaksiMenuController))
 8 SYSTEMPATH\CodeIgniter.php(361): CodeIgniter\CodeIgniter->handleRequest(null, Object(Config\Cache), false)
 9 FCPATH\index.php(79): CodeIgniter\CodeIgniter->run()
10 SYSTEMPATH\Commands\Server\rewrite.php(47): require_once('D:\\Freelance\\ci4_toko\\CI4\\public\\index.php')
INFO - 2024-07-19 19:05:23 --> Session: Class initialized using 'CodeIgniter\Session\Handlers\FileHandler' driver.
INFO - 2024-07-19 19:05:25 --> Session: Class initialized using 'CodeIgniter\Session\Handlers\FileHandler' driver.
INFO - 2024-07-19 19:06:28 --> Session: Class initialized using 'CodeIgniter\Session\Handlers\FileHandler' driver.
INFO - 2024-07-19 19:06:43 --> Session: Class initialized using 'CodeIgniter\Session\Handlers\FileHandler' driver.
INFO - 2024-07-19 19:06:43 --> Session: Class initialized using 'CodeIgniter\Session\Handlers\FileHandler' driver.
INFO - 2024-07-19 19:06:50 --> Session: Class initialized using 'CodeIgniter\Session\Handlers\FileHandler' driver.
INFO - 2024-07-19 19:06:50 --> Session: Class initialized using 'CodeIgniter\Session\Handlers\FileHandler' driver.
INFO - 2024-07-19 19:06:56 --> Session: Class initialized using 'CodeIgniter\Session\Handlers\FileHandler' driver.
INFO - 2024-07-19 19:06:56 --> Session: Class initialized using 'CodeIgniter\Session\Handlers\FileHandler' driver.
INFO - 2024-07-19 19:07:23 --> Session: Class initialized using 'CodeIgniter\Session\Handlers\FileHandler' driver.
INFO - 2024-07-19 19:08:39 --> Session: Class initialized using 'CodeIgniter\Session\Handlers\FileHandler' driver.
INFO - 2024-07-19 19:08:40 --> Session: Class initialized using 'CodeIgniter\Session\Handlers\FileHandler' driver.
INFO - 2024-07-19 19:08:42 --> Session: Class initialized using 'CodeIgniter\Session\Handlers\FileHandler' driver.
INFO - 2024-07-19 19:08:54 --> Session: Class initialized using 'CodeIgniter\Session\Handlers\FileHandler' driver.
INFO - 2024-07-19 19:09:05 --> Session: Class initialized using 'CodeIgniter\Session\Handlers\FileHandler' driver.
INFO - 2024-07-19 19:09:07 --> Session: Class initialized using 'CodeIgniter\Session\Handlers\FileHandler' driver.
INFO - 2024-07-19 19:09:59 --> Session: Class initialized using 'CodeIgniter\Session\Handlers\FileHandler' driver.
INFO - 2024-07-19 19:10:11 --> Session: Class initialized using 'CodeIgniter\Session\Handlers\FileHandler' driver.
INFO - 2024-07-19 19:10:14 --> Session: Class initialized using 'CodeIgniter\Session\Handlers\FileHandler' driver.
INFO - 2024-07-19 19:10:19 --> Session: Class initialized using 'CodeIgniter\Session\Handlers\FileHandler' driver.
INFO - 2024-07-19 19:10:45 --> Session: Class initialized using 'CodeIgniter\Session\Handlers\FileHandler' driver.
INFO - 2024-07-19 19:10:46 --> Session: Class initialized using 'CodeIgniter\Session\Handlers\FileHandler' driver.
INFO - 2024-07-19 19:10:58 --> Session: Class initialized using 'CodeIgniter\Session\Handlers\FileHandler' driver.
INFO - 2024-07-19 19:11:13 --> Session: Class initialized using 'CodeIgniter\Session\Handlers\FileHandler' driver.
INFO - 2024-07-19 19:11:13 --> Session: Class initialized using 'CodeIgniter\Session\Handlers\FileHandler' driver.
INFO - 2024-07-19 19:11:16 --> Session: Class initialized using 'CodeIgniter\Session\Handlers\FileHandler' driver.
INFO - 2024-07-19 19:11:21 --> Session: Class initialized using 'CodeIgniter\Session\Handlers\FileHandler' driver.
INFO - 2024-07-19 19:11:26 --> Session: Class initialized using 'CodeIgniter\Session\Handlers\FileHandler' driver.
INFO - 2024-07-19 19:11:26 --> Session: Class initialized using 'CodeIgniter\Session\Handlers\FileHandler' driver.
INFO - 2024-07-19 19:15:46 --> Session: Class initialized using 'CodeIgniter\Session\Handlers\FileHandler' driver.
INFO - 2024-07-19 19:15:51 --> Session: Class initialized using 'CodeIgniter\Session\Handlers\FileHandler' driver.
INFO - 2024-07-19 19:15:53 --> Session: Class initialized using 'CodeIgniter\Session\Handlers\FileHandler' driver.
INFO - 2024-07-19 19:16:35 --> Session: Class initialized using 'CodeIgniter\Session\Handlers\FileHandler' driver.
DEBUG - 2024-07-19 19:37:24 --> Headers: Array
(
    [Content-Type] => application/x-www-form-urlencoded
    [Host] => localhost:8080
    [Accept] => */*
    [Key] => 99b6ab3643296f4a687bc6fcf8b0845b
    [Content-Length] => 36
)

DEBUG - 2024-07-19 19:37:24 --> Post Data: Array
(
    [type] => transaction
    [tahun] => 2024
    [bulan] => 07
)

DEBUG - 2024-07-19 19:37:24 --> Response Data: Array
(
    [query] => Array
        (
            [type] => transaction
            [tahun] => 2024
            [bulan] => 07
        )

    [results] => Array
        (
            [jml] => 4
        )

    [status] => Array
        (
            [code] => 200
            [description] => OK
        )

)

DEBUG - 2024-07-19 19:37:24 --> Headers: Array
(
    [Content-Type] => application/x-www-form-urlencoded
    [Host] => localhost:8080
    [Accept] => */*
    [Key] => 99b6ab3643296f4a687bc6fcf8b0845b
    [Content-Length] => 32
)

DEBUG - 2024-07-19 19:37:24 --> Post Data: Array
(
    [type] => earning
    [tahun] => 2024
    [bulan] => 07
)

DEBUG - 2024-07-19 19:37:24 --> Response Data: Array
(
    [query] => Array
        (
            [type] => earning
            [tahun] => 2024
            [bulan] => 07
        )

    [results] => Array
        (
            [jml] => 109076000
        )

    [status] => Array
        (
            [code] => 200
            [description] => OK
        )

)

DEBUG - 2024-07-19 19:37:24 --> Headers: Array
(
    [Content-Type] => application/x-www-form-urlencoded
    [Host] => localhost:8080
    [Accept] => */*
    [Key] => 99b6ab3643296f4a687bc6fcf8b0845b
    [Content-Length] => 29
)

DEBUG - 2024-07-19 19:37:24 --> Post Data: Array
(
    [type] => user
    [tahun] => 2024
    [bulan] => 07
)

DEBUG - 2024-07-19 19:37:24 --> Response Data: Array
(
    [query] => Array
        (
            [type] => user
            [tahun] => 2024
            [bulan] => 07
        )

    [results] => Array
        (
            [jml] => 10
        )

    [status] => Array
        (
            [code] => 200
            [description] => OK
        )

)

DEBUG - 2024-07-19 19:37:53 --> Headers: Array
(
    [Content-Type] => application/x-www-form-urlencoded
    [Host] => localhost:8080
    [Accept] => */*
    [Key] => 99b6ab3643296f4a687bc6fcf8b0845b
    [Content-Length] => 36
)

DEBUG - 2024-07-19 19:37:53 --> Post Data: Array
(
    [type] => transaction
    [tahun] => 2024
    [bulan] => 07
)

DEBUG - 2024-07-19 19:37:53 --> Response Data: Array
(
    [query] => Array
        (
            [type] => transaction
            [tahun] => 2024
            [bulan] => 07
        )

    [results] => Array
        (
            [jml] => 4
        )

    [status] => Array
        (
            [code] => 200
            [description] => OK
        )

)

DEBUG - 2024-07-19 19:37:53 --> Headers: Array
(
    [Content-Type] => application/x-www-form-urlencoded
    [Host] => localhost:8080
    [Accept] => */*
    [Key] => 99b6ab3643296f4a687bc6fcf8b0845b
    [Content-Length] => 32
)

DEBUG - 2024-07-19 19:37:53 --> Post Data: Array
(
    [type] => earning
    [tahun] => 2024
    [bulan] => 07
)

DEBUG - 2024-07-19 19:37:53 --> Response Data: Array
(
    [query] => Array
        (
            [type] => earning
            [tahun] => 2024
            [bulan] => 07
        )

    [results] => Array
        (
            [jml] => 109076000
        )

    [status] => Array
        (
            [code] => 200
            [description] => OK
        )

)

DEBUG - 2024-07-19 19:37:53 --> Headers: Array
(
    [Content-Type] => application/x-www-form-urlencoded
    [Host] => localhost:8080
    [Accept] => */*
    [Key] => 99b6ab3643296f4a687bc6fcf8b0845b
    [Content-Length] => 29
)

DEBUG - 2024-07-19 19:37:53 --> Post Data: Array
(
    [type] => user
    [tahun] => 2024
    [bulan] => 07
)

DEBUG - 2024-07-19 19:37:53 --> Response Data: Array
(
    [query] => Array
        (
            [type] => user
            [tahun] => 2024
            [bulan] => 07
        )

    [results] => Array
        (
            [jml] => 10
        )

    [status] => Array
        (
            [code] => 200
            [description] => OK
        )

)

CRITICAL - 2024-07-19 19:39:58 --> ErrorException: Undefined array key "type"
in APPPATH\Controllers\ApiController.php on line 122.
 1 APPPATH\Controllers\ApiController.php(122): CodeIgniter\Debug\Exceptions->errorHandler(2, 'Undefined array key "type"', 'D:\\Freelance\\ci4_toko\\CI4\\app\\Controllers\\ApiController.php', 122)
 2 SYSTEMPATH\CodeIgniter.php(941): App\Controllers\ApiController->monthly()
 3 SYSTEMPATH\CodeIgniter.php(502): CodeIgniter\CodeIgniter->runController(Object(App\Controllers\ApiController))
 4 SYSTEMPATH\CodeIgniter.php(361): CodeIgniter\CodeIgniter->handleRequest(null, Object(Config\Cache), false)
 5 FCPATH\index.php(79): CodeIgniter\CodeIgniter->run()
 6 SYSTEMPATH\Commands\Server\rewrite.php(47): require_once('D:\\Freelance\\ci4_toko\\CI4\\public\\index.php')
CRITICAL - 2024-07-19 19:40:16 --> ErrorException: Undefined array key "type"
in APPPATH\Controllers\ApiController.php on line 122.
 1 APPPATH\Controllers\ApiController.php(122): CodeIgniter\Debug\Exceptions->errorHandler(2, 'Undefined array key "type"', 'D:\\Freelance\\ci4_toko\\CI4\\app\\Controllers\\ApiController.php', 122)
 2 SYSTEMPATH\CodeIgniter.php(941): App\Controllers\ApiController->monthly()
 3 SYSTEMPATH\CodeIgniter.php(502): CodeIgniter\CodeIgniter->runController(Object(App\Controllers\ApiController))
 4 SYSTEMPATH\CodeIgniter.php(361): CodeIgniter\CodeIgniter->handleRequest(null, Object(Config\Cache), false)
 5 FCPATH\index.php(79): CodeIgniter\CodeIgniter->run()
 6 SYSTEMPATH\Commands\Server\rewrite.php(47): require_once('D:\\Freelance\\ci4_toko\\CI4\\public\\index.php')
CRITICAL - 2024-07-19 19:40:17 --> ErrorException: Undefined array key "type"
in APPPATH\Controllers\ApiController.php on line 122.
 1 APPPATH\Controllers\ApiController.php(122): CodeIgniter\Debug\Exceptions->errorHandler(2, 'Undefined array key "type"', 'D:\\Freelance\\ci4_toko\\CI4\\app\\Controllers\\ApiController.php', 122)
 2 SYSTEMPATH\CodeIgniter.php(941): App\Controllers\ApiController->monthly()
 3 SYSTEMPATH\CodeIgniter.php(502): CodeIgniter\CodeIgniter->runController(Object(App\Controllers\ApiController))
 4 SYSTEMPATH\CodeIgniter.php(361): CodeIgniter\CodeIgniter->handleRequest(null, Object(Config\Cache), false)
 5 FCPATH\index.php(79): CodeIgniter\CodeIgniter->run()
 6 SYSTEMPATH\Commands\Server\rewrite.php(47): require_once('D:\\Freelance\\ci4_toko\\CI4\\public\\index.php')
CRITICAL - 2024-07-19 19:41:35 --> ErrorException: Undefined array key "type"
in APPPATH\Controllers\ApiController.php on line 122.
 1 APPPATH\Controllers\ApiController.php(122): CodeIgniter\Debug\Exceptions->errorHandler(2, 'Undefined array key "type"', 'D:\\Freelance\\ci4_toko\\CI4\\app\\Controllers\\ApiController.php', 122)
 2 SYSTEMPATH\CodeIgniter.php(941): App\Controllers\ApiController->monthly()
 3 SYSTEMPATH\CodeIgniter.php(502): CodeIgniter\CodeIgniter->runController(Object(App\Controllers\ApiController))
 4 SYSTEMPATH\CodeIgniter.php(361): CodeIgniter\CodeIgniter->handleRequest(null, Object(Config\Cache), false)
 5 FCPATH\index.php(79): CodeIgniter\CodeIgniter->run()
 6 SYSTEMPATH\Commands\Server\rewrite.php(47): require_once('D:\\Freelance\\ci4_toko\\CI4\\public\\index.php')
CRITICAL - 2024-07-19 19:41:58 --> ErrorException: Undefined array key "type"
in APPPATH\Controllers\ApiController.php on line 122.
 1 APPPATH\Controllers\ApiController.php(122): CodeIgniter\Debug\Exceptions->errorHandler(2, 'Undefined array key "type"', 'D:\\Freelance\\ci4_toko\\CI4\\app\\Controllers\\ApiController.php', 122)
 2 SYSTEMPATH\CodeIgniter.php(941): App\Controllers\ApiController->monthly()
 3 SYSTEMPATH\CodeIgniter.php(502): CodeIgniter\CodeIgniter->runController(Object(App\Controllers\ApiController))
 4 SYSTEMPATH\CodeIgniter.php(361): CodeIgniter\CodeIgniter->handleRequest(null, Object(Config\Cache), false)
 5 FCPATH\index.php(79): CodeIgniter\CodeIgniter->run()
 6 SYSTEMPATH\Commands\Server\rewrite.php(47): require_once('D:\\Freelance\\ci4_toko\\CI4\\public\\index.php')
CRITICAL - 2024-07-19 19:42:11 --> ErrorException: Undefined array key "type"
in APPPATH\Controllers\ApiController.php on line 122.
 1 APPPATH\Controllers\ApiController.php(122): CodeIgniter\Debug\Exceptions->errorHandler(2, 'Undefined array key "type"', 'D:\\Freelance\\ci4_toko\\CI4\\app\\Controllers\\ApiController.php', 122)
 2 SYSTEMPATH\CodeIgniter.php(941): App\Controllers\ApiController->monthly()
 3 SYSTEMPATH\CodeIgniter.php(502): CodeIgniter\CodeIgniter->runController(Object(App\Controllers\ApiController))
 4 SYSTEMPATH\CodeIgniter.php(361): CodeIgniter\CodeIgniter->handleRequest(null, Object(Config\Cache), false)
 5 FCPATH\index.php(79): CodeIgniter\CodeIgniter->run()
 6 SYSTEMPATH\Commands\Server\rewrite.php(47): require_once('D:\\Freelance\\ci4_toko\\CI4\\public\\index.php')
CRITICAL - 2024-07-19 19:42:18 --> ErrorException: Undefined array key "type"
in APPPATH\Controllers\ApiController.php on line 122.
 1 APPPATH\Controllers\ApiController.php(122): CodeIgniter\Debug\Exceptions->errorHandler(2, 'Undefined array key "type"', 'D:\\Freelance\\ci4_toko\\CI4\\app\\Controllers\\ApiController.php', 122)
 2 SYSTEMPATH\CodeIgniter.php(941): App\Controllers\ApiController->monthly()
 3 SYSTEMPATH\CodeIgniter.php(502): CodeIgniter\CodeIgniter->runController(Object(App\Controllers\ApiController))
 4 SYSTEMPATH\CodeIgniter.php(361): CodeIgniter\CodeIgniter->handleRequest(null, Object(Config\Cache), false)
 5 FCPATH\index.php(79): CodeIgniter\CodeIgniter->run()
 6 SYSTEMPATH\Commands\Server\rewrite.php(47): require_once('D:\\Freelance\\ci4_toko\\CI4\\public\\index.php')
CRITICAL - 2024-07-19 19:42:27 --> ErrorException: Undefined array key "type"
in APPPATH\Controllers\ApiController.php on line 122.
 1 APPPATH\Controllers\ApiController.php(122): CodeIgniter\Debug\Exceptions->errorHandler(2, 'Undefined array key "type"', 'D:\\Freelance\\ci4_toko\\CI4\\app\\Controllers\\ApiController.php', 122)
 2 SYSTEMPATH\CodeIgniter.php(941): App\Controllers\ApiController->monthly()
 3 SYSTEMPATH\CodeIgniter.php(502): CodeIgniter\CodeIgniter->runController(Object(App\Controllers\ApiController))
 4 SYSTEMPATH\CodeIgniter.php(361): CodeIgniter\CodeIgniter->handleRequest(null, Object(Config\Cache), false)
 5 FCPATH\index.php(79): CodeIgniter\CodeIgniter->run()
 6 SYSTEMPATH\Commands\Server\rewrite.php(47): require_once('D:\\Freelance\\ci4_toko\\CI4\\public\\index.php')
CRITICAL - 2024-07-19 19:42:33 --> ErrorException: Undefined array key "type"
in APPPATH\Controllers\ApiController.php on line 122.
 1 APPPATH\Controllers\ApiController.php(122): CodeIgniter\Debug\Exceptions->errorHandler(2, 'Undefined array key "type"', 'D:\\Freelance\\ci4_toko\\CI4\\app\\Controllers\\ApiController.php', 122)
 2 SYSTEMPATH\CodeIgniter.php(941): App\Controllers\ApiController->monthly()
 3 SYSTEMPATH\CodeIgniter.php(502): CodeIgniter\CodeIgniter->runController(Object(App\Controllers\ApiController))
 4 SYSTEMPATH\CodeIgniter.php(361): CodeIgniter\CodeIgniter->handleRequest(null, Object(Config\Cache), false)
 5 FCPATH\index.php(79): CodeIgniter\CodeIgniter->run()
 6 SYSTEMPATH\Commands\Server\rewrite.php(47): require_once('D:\\Freelance\\ci4_toko\\CI4\\public\\index.php')
CRITICAL - 2024-07-19 19:42:44 --> ErrorException: Undefined array key "type"
in APPPATH\Controllers\ApiController.php on line 122.
 1 APPPATH\Controllers\ApiController.php(122): CodeIgniter\Debug\Exceptions->errorHandler(2, 'Undefined array key "type"', 'D:\\Freelance\\ci4_toko\\CI4\\app\\Controllers\\ApiController.php', 122)
 2 SYSTEMPATH\CodeIgniter.php(941): App\Controllers\ApiController->monthly()
 3 SYSTEMPATH\CodeIgniter.php(502): CodeIgniter\CodeIgniter->runController(Object(App\Controllers\ApiController))
 4 SYSTEMPATH\CodeIgniter.php(361): CodeIgniter\CodeIgniter->handleRequest(null, Object(Config\Cache), false)
 5 FCPATH\index.php(79): CodeIgniter\CodeIgniter->run()
 6 SYSTEMPATH\Commands\Server\rewrite.php(47): require_once('D:\\Freelance\\ci4_toko\\CI4\\public\\index.php')
CRITICAL - 2024-07-19 19:49:11 --> ErrorException: Undefined array key "bulan"
in APPPATH\Controllers\ApiController.php on line 123.
 1 APPPATH\Controllers\ApiController.php(123): CodeIgniter\Debug\Exceptions->errorHandler(2, 'Undefined array key "bulan"', 'D:\\Freelance\\ci4_toko\\CI4\\app\\Controllers\\ApiController.php', 123)
 2 SYSTEMPATH\CodeIgniter.php(941): App\Controllers\ApiController->monthly()
 3 SYSTEMPATH\CodeIgniter.php(502): CodeIgniter\CodeIgniter->runController(Object(App\Controllers\ApiController))
 4 SYSTEMPATH\CodeIgniter.php(361): CodeIgniter\CodeIgniter->handleRequest(null, Object(Config\Cache), false)
 5 FCPATH\index.php(79): CodeIgniter\CodeIgniter->run()
 6 SYSTEMPATH\Commands\Server\rewrite.php(47): require_once('D:\\Freelance\\ci4_toko\\CI4\\public\\index.php')
CRITICAL - 2024-07-19 19:53:22 --> ErrorException: Undefined array key "bulan"
in APPPATH\Controllers\ApiController.php on line 123.
 1 APPPATH\Controllers\ApiController.php(123): CodeIgniter\Debug\Exceptions->errorHandler(2, 'Undefined array key "bulan"', 'D:\\Freelance\\ci4_toko\\CI4\\app\\Controllers\\ApiController.php', 123)
 2 SYSTEMPATH\CodeIgniter.php(941): App\Controllers\ApiController->monthly()
 3 SYSTEMPATH\CodeIgniter.php(502): CodeIgniter\CodeIgniter->runController(Object(App\Controllers\ApiController))
 4 SYSTEMPATH\CodeIgniter.php(361): CodeIgniter\CodeIgniter->handleRequest(null, Object(Config\Cache), false)
 5 FCPATH\index.php(79): CodeIgniter\CodeIgniter->run()
 6 SYSTEMPATH\Commands\Server\rewrite.php(47): require_once('D:\\Freelance\\ci4_toko\\CI4\\public\\index.php')
CRITICAL - 2024-07-19 19:53:28 --> ErrorException: Undefined array key "type"
in APPPATH\Controllers\ApiController.php on line 122.
 1 APPPATH\Controllers\ApiController.php(122): CodeIgniter\Debug\Exceptions->errorHandler(2, 'Undefined array key "type"', 'D:\\Freelance\\ci4_toko\\CI4\\app\\Controllers\\ApiController.php', 122)
 2 SYSTEMPATH\CodeIgniter.php(941): App\Controllers\ApiController->monthly()
 3 SYSTEMPATH\CodeIgniter.php(502): CodeIgniter\CodeIgniter->runController(Object(App\Controllers\ApiController))
 4 SYSTEMPATH\CodeIgniter.php(361): CodeIgniter\CodeIgniter->handleRequest(null, Object(Config\Cache), false)
 5 FCPATH\index.php(79): CodeIgniter\CodeIgniter->run()
 6 SYSTEMPATH\Commands\Server\rewrite.php(47): require_once('D:\\Freelance\\ci4_toko\\CI4\\public\\index.php')
CRITICAL - 2024-07-19 19:53:36 --> ErrorException: Undefined array key "type"
in APPPATH\Controllers\ApiController.php on line 122.
 1 APPPATH\Controllers\ApiController.php(122): CodeIgniter\Debug\Exceptions->errorHandler(2, 'Undefined array key "type"', 'D:\\Freelance\\ci4_toko\\CI4\\app\\Controllers\\ApiController.php', 122)
 2 SYSTEMPATH\CodeIgniter.php(941): App\Controllers\ApiController->monthly()
 3 SYSTEMPATH\CodeIgniter.php(502): CodeIgniter\CodeIgniter->runController(Object(App\Controllers\ApiController))
 4 SYSTEMPATH\CodeIgniter.php(361): CodeIgniter\CodeIgniter->handleRequest(null, Object(Config\Cache), false)
 5 FCPATH\index.php(79): CodeIgniter\CodeIgniter->run()
 6 SYSTEMPATH\Commands\Server\rewrite.php(47): require_once('D:\\Freelance\\ci4_toko\\CI4\\public\\index.php')
CRITICAL - 2024-07-19 19:53:48 --> ErrorException: Undefined array key "type"
in APPPATH\Controllers\ApiController.php on line 122.
 1 APPPATH\Controllers\ApiController.php(122): CodeIgniter\Debug\Exceptions->errorHandler(2, 'Undefined array key "type"', 'D:\\Freelance\\ci4_toko\\CI4\\app\\Controllers\\ApiController.php', 122)
 2 SYSTEMPATH\CodeIgniter.php(941): App\Controllers\ApiController->monthly()
 3 SYSTEMPATH\CodeIgniter.php(502): CodeIgniter\CodeIgniter->runController(Object(App\Controllers\ApiController))
 4 SYSTEMPATH\CodeIgniter.php(361): CodeIgniter\CodeIgniter->handleRequest(null, Object(Config\Cache), false)
 5 FCPATH\index.php(79): CodeIgniter\CodeIgniter->run()
 6 SYSTEMPATH\Commands\Server\rewrite.php(47): require_once('D:\\Freelance\\ci4_toko\\CI4\\public\\index.php')
CRITICAL - 2024-07-19 19:54:16 --> ErrorException: Undefined array key "type"
in APPPATH\Controllers\ApiController.php on line 122.
 1 APPPATH\Controllers\ApiController.php(122): CodeIgniter\Debug\Exceptions->errorHandler(2, 'Undefined array key "type"', 'D:\\Freelance\\ci4_toko\\CI4\\app\\Controllers\\ApiController.php', 122)
 2 SYSTEMPATH\CodeIgniter.php(941): App\Controllers\ApiController->monthly()
 3 SYSTEMPATH\CodeIgniter.php(502): CodeIgniter\CodeIgniter->runController(Object(App\Controllers\ApiController))
 4 SYSTEMPATH\CodeIgniter.php(361): CodeIgniter\CodeIgniter->handleRequest(null, Object(Config\Cache), false)
 5 FCPATH\index.php(79): CodeIgniter\CodeIgniter->run()
 6 SYSTEMPATH\Commands\Server\rewrite.php(47): require_once('D:\\Freelance\\ci4_toko\\CI4\\public\\index.php')
CRITICAL - 2024-07-19 19:54:23 --> ErrorException: Undefined array key "type"
in APPPATH\Controllers\ApiController.php on line 122.
 1 APPPATH\Controllers\ApiController.php(122): CodeIgniter\Debug\Exceptions->errorHandler(2, 'Undefined array key "type"', 'D:\\Freelance\\ci4_toko\\CI4\\app\\Controllers\\ApiController.php', 122)
 2 SYSTEMPATH\CodeIgniter.php(941): App\Controllers\ApiController->monthly()
 3 SYSTEMPATH\CodeIgniter.php(502): CodeIgniter\CodeIgniter->runController(Object(App\Controllers\ApiController))
 4 SYSTEMPATH\CodeIgniter.php(361): CodeIgniter\CodeIgniter->handleRequest(null, Object(Config\Cache), false)
 5 FCPATH\index.php(79): CodeIgniter\CodeIgniter->run()
 6 SYSTEMPATH\Commands\Server\rewrite.php(47): require_once('D:\\Freelance\\ci4_toko\\CI4\\public\\index.php')
CRITICAL - 2024-07-19 19:54:24 --> ErrorException: Undefined array key "type"
in APPPATH\Controllers\ApiController.php on line 122.
 1 APPPATH\Controllers\ApiController.php(122): CodeIgniter\Debug\Exceptions->errorHandler(2, 'Undefined array key "type"', 'D:\\Freelance\\ci4_toko\\CI4\\app\\Controllers\\ApiController.php', 122)
 2 SYSTEMPATH\CodeIgniter.php(941): App\Controllers\ApiController->monthly()
 3 SYSTEMPATH\CodeIgniter.php(502): CodeIgniter\CodeIgniter->runController(Object(App\Controllers\ApiController))
 4 SYSTEMPATH\CodeIgniter.php(361): CodeIgniter\CodeIgniter->handleRequest(null, Object(Config\Cache), false)
 5 FCPATH\index.php(79): CodeIgniter\CodeIgniter->run()
 6 SYSTEMPATH\Commands\Server\rewrite.php(47): require_once('D:\\Freelance\\ci4_toko\\CI4\\public\\index.php')
CRITICAL - 2024-07-19 19:54:42 --> ErrorException: Undefined array key "type"
in APPPATH\Controllers\ApiController.php on line 122.
 1 APPPATH\Controllers\ApiController.php(122): CodeIgniter\Debug\Exceptions->errorHandler(2, 'Undefined array key "type"', 'D:\\Freelance\\ci4_toko\\CI4\\app\\Controllers\\ApiController.php', 122)
 2 SYSTEMPATH\CodeIgniter.php(941): App\Controllers\ApiController->monthly()
 3 SYSTEMPATH\CodeIgniter.php(502): CodeIgniter\CodeIgniter->runController(Object(App\Controllers\ApiController))
 4 SYSTEMPATH\CodeIgniter.php(361): CodeIgniter\CodeIgniter->handleRequest(null, Object(Config\Cache), false)
 5 FCPATH\index.php(79): CodeIgniter\CodeIgniter->run()
 6 SYSTEMPATH\Commands\Server\rewrite.php(47): require_once('D:\\Freelance\\ci4_toko\\CI4\\public\\index.php')
CRITICAL - 2024-07-19 19:56:07 --> ErrorException: Undefined array key "bulan"
in APPPATH\Controllers\ApiController.php on line 123.
 1 APPPATH\Controllers\ApiController.php(123): CodeIgniter\Debug\Exceptions->errorHandler(2, 'Undefined array key "bulan"', 'D:\\Freelance\\ci4_toko\\CI4\\app\\Controllers\\ApiController.php', 123)
 2 SYSTEMPATH\CodeIgniter.php(941): App\Controllers\ApiController->monthly()
 3 SYSTEMPATH\CodeIgniter.php(502): CodeIgniter\CodeIgniter->runController(Object(App\Controllers\ApiController))
 4 SYSTEMPATH\CodeIgniter.php(361): CodeIgniter\CodeIgniter->handleRequest(null, Object(Config\Cache), false)
 5 FCPATH\index.php(79): CodeIgniter\CodeIgniter->run()
 6 SYSTEMPATH\Commands\Server\rewrite.php(47): require_once('D:\\Freelance\\ci4_toko\\CI4\\public\\index.php')
CRITICAL - 2024-07-19 19:56:16 --> ErrorException: Undefined array key "bulan"
in APPPATH\Controllers\ApiController.php on line 123.
 1 APPPATH\Controllers\ApiController.php(123): CodeIgniter\Debug\Exceptions->errorHandler(2, 'Undefined array key "bulan"', 'D:\\Freelance\\ci4_toko\\CI4\\app\\Controllers\\ApiController.php', 123)
 2 SYSTEMPATH\CodeIgniter.php(941): App\Controllers\ApiController->monthly()
 3 SYSTEMPATH\CodeIgniter.php(502): CodeIgniter\CodeIgniter->runController(Object(App\Controllers\ApiController))
 4 SYSTEMPATH\CodeIgniter.php(361): CodeIgniter\CodeIgniter->handleRequest(null, Object(Config\Cache), false)
 5 FCPATH\index.php(79): CodeIgniter\CodeIgniter->run()
 6 SYSTEMPATH\Commands\Server\rewrite.php(47): require_once('D:\\Freelance\\ci4_toko\\CI4\\public\\index.php')
CRITICAL - 2024-07-19 20:12:48 --> ErrorException: Undefined array key "tahun"
in APPPATH\Controllers\ApiController.php on line 160.
 1 APPPATH\Controllers\ApiController.php(160): CodeIgniter\Debug\Exceptions->errorHandler(2, 'Undefined array key "tahun"', 'D:\\Freelance\\ci4_toko\\CI4\\app\\Controllers\\ApiController.php', 160)
 2 SYSTEMPATH\CodeIgniter.php(941): App\Controllers\ApiController->yearly()
 3 SYSTEMPATH\CodeIgniter.php(502): CodeIgniter\CodeIgniter->runController(Object(App\Controllers\ApiController))
 4 SYSTEMPATH\CodeIgniter.php(361): CodeIgniter\CodeIgniter->handleRequest(null, Object(Config\Cache), false)
 5 FCPATH\index.php(79): CodeIgniter\CodeIgniter->run()
 6 SYSTEMPATH\Commands\Server\rewrite.php(47): require_once('D:\\Freelance\\ci4_toko\\CI4\\public\\index.php')
CRITICAL - 2024-07-19 20:12:49 --> ErrorException: Undefined array key "tahun"
in APPPATH\Controllers\ApiController.php on line 160.
 1 APPPATH\Controllers\ApiController.php(160): CodeIgniter\Debug\Exceptions->errorHandler(2, 'Undefined array key "tahun"', 'D:\\Freelance\\ci4_toko\\CI4\\app\\Controllers\\ApiController.php', 160)
 2 SYSTEMPATH\CodeIgniter.php(941): App\Controllers\ApiController->yearly()
 3 SYSTEMPATH\CodeIgniter.php(502): CodeIgniter\CodeIgniter->runController(Object(App\Controllers\ApiController))
 4 SYSTEMPATH\CodeIgniter.php(361): CodeIgniter\CodeIgniter->handleRequest(null, Object(Config\Cache), false)
 5 FCPATH\index.php(79): CodeIgniter\CodeIgniter->run()
 6 SYSTEMPATH\Commands\Server\rewrite.php(47): require_once('D:\\Freelance\\ci4_toko\\CI4\\public\\index.php')
CRITICAL - 2024-07-19 20:13:16 --> ErrorException: Undefined array key "tahun"
in APPPATH\Controllers\ApiController.php on line 160.
 1 APPPATH\Controllers\ApiController.php(160): CodeIgniter\Debug\Exceptions->errorHandler(2, 'Undefined array key "tahun"', 'D:\\Freelance\\ci4_toko\\CI4\\app\\Controllers\\ApiController.php', 160)
 2 SYSTEMPATH\CodeIgniter.php(941): App\Controllers\ApiController->yearly()
 3 SYSTEMPATH\CodeIgniter.php(502): CodeIgniter\CodeIgniter->runController(Object(App\Controllers\ApiController))
 4 SYSTEMPATH\CodeIgniter.php(361): CodeIgniter\CodeIgniter->handleRequest(null, Object(Config\Cache), false)
 5 FCPATH\index.php(79): CodeIgniter\CodeIgniter->run()
 6 SYSTEMPATH\Commands\Server\rewrite.php(47): require_once('D:\\Freelance\\ci4_toko\\CI4\\public\\index.php')
INFO - 2024-07-19 20:18:18 --> Session: Class initialized using 'CodeIgniter\Session\Handlers\FileHandler' driver.
INFO - 2024-07-19 20:18:32 --> Session: Class initialized using 'CodeIgniter\Session\Handlers\FileHandler' driver.
INFO - 2024-07-19 20:18:32 --> Session: Class initialized using 'CodeIgniter\Session\Handlers\FileHandler' driver.
