ERROR - 2024-07-09 13:41:51 --> Error connecting to the database: mysqli_sql_exception: No connection could be made because the target machine actively refused it in D:\CI4\vendor\codeigniter4\framework\system\Database\MySQLi\Connection.php:185
Stack trace:
#0 D:\CI4\vendor\codeigniter4\framework\system\Database\MySQLi\Connection.php(185): mysqli->real_connect('localhost', 'root', '', 'db_ci4', 3306, '', 0)
#1 D:\CI4\vendor\codeigniter4\framework\system\Database\BaseConnection.php(392): CodeIgniter\Database\MySQLi\Connection->connect(false)
#2 D:\CI4\vendor\codeigniter4\framework\system\Database\BaseConnection.php(575): CodeIgniter\Database\BaseConnection->initialize()
#3 D:\CI4\vendor\codeigniter4\framework\system\Database\BaseBuilder.php(1616): CodeIgniter\Database\BaseConnection->query('SELECT *\nFROM `...', Array, false)
#4 D:\CI4\vendor\codeigniter4\framework\system\Model.php(270): CodeIgniter\Database\BaseBuilder->get()
#5 D:\CI4\vendor\codeigniter4\framework\system\BaseModel.php(676): CodeIgniter\Model->doFirst()
#6 D:\CI4\app\Controllers\AuthController.php(31): CodeIgniter\BaseModel->first()
#7 D:\CI4\vendor\codeigniter4\framework\system\CodeIgniter.php(941): App\Controllers\AuthController->login()
#8 D:\CI4\vendor\codeigniter4\framework\system\CodeIgniter.php(502): CodeIgniter\CodeIgniter->runController(Object(App\Controllers\AuthController))
#9 D:\CI4\vendor\codeigniter4\framework\system\CodeIgniter.php(361): CodeIgniter\CodeIgniter->handleRequest(NULL, Object(Config\Cache), false)
#10 D:\CI4\public\index.php(79): CodeIgniter\CodeIgniter->run()
#11 D:\CI4\vendor\codeigniter4\framework\system\Commands\Server\rewrite.php(47): require_once('D:\\CI4\\public\\i...')
#12 {main}

Next CodeIgniter\Database\Exceptions\DatabaseException: No connection could be made because the target machine actively refused it in D:\CI4\vendor\codeigniter4\framework\system\Database\MySQLi\Connection.php:229
Stack trace:
#0 D:\CI4\vendor\codeigniter4\framework\system\Database\BaseConnection.php(392): CodeIgniter\Database\MySQLi\Connection->connect(false)
#1 D:\CI4\vendor\codeigniter4\framework\system\Database\BaseConnection.php(575): CodeIgniter\Database\BaseConnection->initialize()
#2 D:\CI4\vendor\codeigniter4\framework\system\Database\BaseBuilder.php(1616): CodeIgniter\Database\BaseConnection->query('SELECT *\nFROM `...', Array, false)
#3 D:\CI4\vendor\codeigniter4\framework\system\Model.php(270): CodeIgniter\Database\BaseBuilder->get()
#4 D:\CI4\vendor\codeigniter4\framework\system\BaseModel.php(676): CodeIgniter\Model->doFirst()
#5 D:\CI4\app\Controllers\AuthController.php(31): CodeIgniter\BaseModel->first()
#6 D:\CI4\vendor\codeigniter4\framework\system\CodeIgniter.php(941): App\Controllers\AuthController->login()
#7 D:\CI4\vendor\codeigniter4\framework\system\CodeIgniter.php(502): CodeIgniter\CodeIgniter->runController(Object(App\Controllers\AuthController))
#8 D:\CI4\vendor\codeigniter4\framework\system\CodeIgniter.php(361): CodeIgniter\CodeIgniter->handleRequest(NULL, Object(Config\Cache), false)
#9 D:\CI4\public\index.php(79): CodeIgniter\CodeIgniter->run()
#10 D:\CI4\vendor\codeigniter4\framework\system\Commands\Server\rewrite.php(47): require_once('D:\\CI4\\public\\i...')
#11 {main}
CRITICAL - 2024-07-09 13:41:51 --> CodeIgniter\Database\Exceptions\DatabaseException: Unable to connect to the database.
Main connection [MySQLi]: No connection could be made because the target machine actively refused it
in SYSTEMPATH\Database\BaseConnection.php on line 428.
 1 SYSTEMPATH\Database\BaseConnection.php(575): CodeIgniter\Database\BaseConnection->initialize()
 2 SYSTEMPATH\Database\BaseBuilder.php(1616): CodeIgniter\Database\BaseConnection->query('SELECT *
FROM `user`
WHERE `username` = :username:
 LIMIT 1', [...], false)
 3 SYSTEMPATH\Model.php(270): CodeIgniter\Database\BaseBuilder->get()
 4 SYSTEMPATH\BaseModel.php(676): CodeIgniter\Model->doFirst()
 5 APPPATH\Controllers\AuthController.php(31): CodeIgniter\BaseModel->first()
 6 SYSTEMPATH\CodeIgniter.php(941): App\Controllers\AuthController->login()
 7 SYSTEMPATH\CodeIgniter.php(502): CodeIgniter\CodeIgniter->runController(Object(App\Controllers\AuthController))
 8 SYSTEMPATH\CodeIgniter.php(361): CodeIgniter\CodeIgniter->handleRequest(null, Object(Config\Cache), false)
 9 FCPATH\index.php(79): CodeIgniter\CodeIgniter->run()
10 SYSTEMPATH\Commands\Server\rewrite.php(47): require_once('D:\\CI4\\public\\index.php')
ERROR - 2024-07-09 13:44:42 --> Error connecting to the database: mysqli_sql_exception: No connection could be made because the target machine actively refused it in D:\CI4\vendor\codeigniter4\framework\system\Database\MySQLi\Connection.php:185
Stack trace:
#0 D:\CI4\vendor\codeigniter4\framework\system\Database\MySQLi\Connection.php(185): mysqli->real_connect('localhost', 'root', '', 'db_ci4', 3306, '', 0)
#1 D:\CI4\vendor\codeigniter4\framework\system\Database\BaseConnection.php(392): CodeIgniter\Database\MySQLi\Connection->connect(false)
#2 D:\CI4\vendor\codeigniter4\framework\system\Database\BaseConnection.php(575): CodeIgniter\Database\BaseConnection->initialize()
#3 D:\CI4\vendor\codeigniter4\framework\system\Database\BaseBuilder.php(1616): CodeIgniter\Database\BaseConnection->query('SELECT *\nFROM `...', Array, false)
#4 D:\CI4\vendor\codeigniter4\framework\system\Model.php(270): CodeIgniter\Database\BaseBuilder->get()
#5 D:\CI4\vendor\codeigniter4\framework\system\BaseModel.php(676): CodeIgniter\Model->doFirst()
#6 D:\CI4\app\Controllers\AuthController.php(31): CodeIgniter\BaseModel->first()
#7 D:\CI4\vendor\codeigniter4\framework\system\CodeIgniter.php(941): App\Controllers\AuthController->login()
#8 D:\CI4\vendor\codeigniter4\framework\system\CodeIgniter.php(502): CodeIgniter\CodeIgniter->runController(Object(App\Controllers\AuthController))
#9 D:\CI4\vendor\codeigniter4\framework\system\CodeIgniter.php(361): CodeIgniter\CodeIgniter->handleRequest(NULL, Object(Config\Cache), false)
#10 D:\CI4\public\index.php(79): CodeIgniter\CodeIgniter->run()
#11 D:\CI4\vendor\codeigniter4\framework\system\Commands\Server\rewrite.php(47): require_once('D:\\CI4\\public\\i...')
#12 {main}

Next CodeIgniter\Database\Exceptions\DatabaseException: No connection could be made because the target machine actively refused it in D:\CI4\vendor\codeigniter4\framework\system\Database\MySQLi\Connection.php:229
Stack trace:
#0 D:\CI4\vendor\codeigniter4\framework\system\Database\BaseConnection.php(392): CodeIgniter\Database\MySQLi\Connection->connect(false)
#1 D:\CI4\vendor\codeigniter4\framework\system\Database\BaseConnection.php(575): CodeIgniter\Database\BaseConnection->initialize()
#2 D:\CI4\vendor\codeigniter4\framework\system\Database\BaseBuilder.php(1616): CodeIgniter\Database\BaseConnection->query('SELECT *\nFROM `...', Array, false)
#3 D:\CI4\vendor\codeigniter4\framework\system\Model.php(270): CodeIgniter\Database\BaseBuilder->get()
#4 D:\CI4\vendor\codeigniter4\framework\system\BaseModel.php(676): CodeIgniter\Model->doFirst()
#5 D:\CI4\app\Controllers\AuthController.php(31): CodeIgniter\BaseModel->first()
#6 D:\CI4\vendor\codeigniter4\framework\system\CodeIgniter.php(941): App\Controllers\AuthController->login()
#7 D:\CI4\vendor\codeigniter4\framework\system\CodeIgniter.php(502): CodeIgniter\CodeIgniter->runController(Object(App\Controllers\AuthController))
#8 D:\CI4\vendor\codeigniter4\framework\system\CodeIgniter.php(361): CodeIgniter\CodeIgniter->handleRequest(NULL, Object(Config\Cache), false)
#9 D:\CI4\public\index.php(79): CodeIgniter\CodeIgniter->run()
#10 D:\CI4\vendor\codeigniter4\framework\system\Commands\Server\rewrite.php(47): require_once('D:\\CI4\\public\\i...')
#11 {main}
CRITICAL - 2024-07-09 13:44:42 --> CodeIgniter\Database\Exceptions\DatabaseException: Unable to connect to the database.
Main connection [MySQLi]: No connection could be made because the target machine actively refused it
in SYSTEMPATH\Database\BaseConnection.php on line 428.
 1 SYSTEMPATH\Database\BaseConnection.php(575): CodeIgniter\Database\BaseConnection->initialize()
 2 SYSTEMPATH\Database\BaseBuilder.php(1616): CodeIgniter\Database\BaseConnection->query('SELECT *
FROM `user`
WHERE `username` = :username:
 LIMIT 1', [...], false)
 3 SYSTEMPATH\Model.php(270): CodeIgniter\Database\BaseBuilder->get()
 4 SYSTEMPATH\BaseModel.php(676): CodeIgniter\Model->doFirst()
 5 APPPATH\Controllers\AuthController.php(31): CodeIgniter\BaseModel->first()
 6 SYSTEMPATH\CodeIgniter.php(941): App\Controllers\AuthController->login()
 7 SYSTEMPATH\CodeIgniter.php(502): CodeIgniter\CodeIgniter->runController(Object(App\Controllers\AuthController))
 8 SYSTEMPATH\CodeIgniter.php(361): CodeIgniter\CodeIgniter->handleRequest(null, Object(Config\Cache), false)
 9 FCPATH\index.php(79): CodeIgniter\CodeIgniter->run()
10 SYSTEMPATH\Commands\Server\rewrite.php(47): require_once('D:\\CI4\\public\\index.php')
ERROR - 2024-07-09 13:45:50 --> Error connecting to the database: mysqli_sql_exception: No connection could be made because the target machine actively refused it in D:\CI4\vendor\codeigniter4\framework\system\Database\MySQLi\Connection.php:185
Stack trace:
#0 D:\CI4\vendor\codeigniter4\framework\system\Database\MySQLi\Connection.php(185): mysqli->real_connect('localhost', 'root', '', 'db_ci4', 3306, '', 0)
#1 D:\CI4\vendor\codeigniter4\framework\system\Database\BaseConnection.php(392): CodeIgniter\Database\MySQLi\Connection->connect(false)
#2 D:\CI4\vendor\codeigniter4\framework\system\Database\BaseConnection.php(575): CodeIgniter\Database\BaseConnection->initialize()
#3 D:\CI4\vendor\codeigniter4\framework\system\Database\BaseBuilder.php(1616): CodeIgniter\Database\BaseConnection->query('SELECT *\nFROM `...', Array, false)
#4 D:\CI4\vendor\codeigniter4\framework\system\Model.php(270): CodeIgniter\Database\BaseBuilder->get()
#5 D:\CI4\vendor\codeigniter4\framework\system\BaseModel.php(676): CodeIgniter\Model->doFirst()
#6 D:\CI4\app\Controllers\AuthController.php(31): CodeIgniter\BaseModel->first()
#7 D:\CI4\vendor\codeigniter4\framework\system\CodeIgniter.php(941): App\Controllers\AuthController->login()
#8 D:\CI4\vendor\codeigniter4\framework\system\CodeIgniter.php(502): CodeIgniter\CodeIgniter->runController(Object(App\Controllers\AuthController))
#9 D:\CI4\vendor\codeigniter4\framework\system\CodeIgniter.php(361): CodeIgniter\CodeIgniter->handleRequest(NULL, Object(Config\Cache), false)
#10 D:\CI4\public\index.php(79): CodeIgniter\CodeIgniter->run()
#11 D:\CI4\vendor\codeigniter4\framework\system\Commands\Server\rewrite.php(47): require_once('D:\\CI4\\public\\i...')
#12 {main}

Next CodeIgniter\Database\Exceptions\DatabaseException: No connection could be made because the target machine actively refused it in D:\CI4\vendor\codeigniter4\framework\system\Database\MySQLi\Connection.php:229
Stack trace:
#0 D:\CI4\vendor\codeigniter4\framework\system\Database\BaseConnection.php(392): CodeIgniter\Database\MySQLi\Connection->connect(false)
#1 D:\CI4\vendor\codeigniter4\framework\system\Database\BaseConnection.php(575): CodeIgniter\Database\BaseConnection->initialize()
#2 D:\CI4\vendor\codeigniter4\framework\system\Database\BaseBuilder.php(1616): CodeIgniter\Database\BaseConnection->query('SELECT *\nFROM `...', Array, false)
#3 D:\CI4\vendor\codeigniter4\framework\system\Model.php(270): CodeIgniter\Database\BaseBuilder->get()
#4 D:\CI4\vendor\codeigniter4\framework\system\BaseModel.php(676): CodeIgniter\Model->doFirst()
#5 D:\CI4\app\Controllers\AuthController.php(31): CodeIgniter\BaseModel->first()
#6 D:\CI4\vendor\codeigniter4\framework\system\CodeIgniter.php(941): App\Controllers\AuthController->login()
#7 D:\CI4\vendor\codeigniter4\framework\system\CodeIgniter.php(502): CodeIgniter\CodeIgniter->runController(Object(App\Controllers\AuthController))
#8 D:\CI4\vendor\codeigniter4\framework\system\CodeIgniter.php(361): CodeIgniter\CodeIgniter->handleRequest(NULL, Object(Config\Cache), false)
#9 D:\CI4\public\index.php(79): CodeIgniter\CodeIgniter->run()
#10 D:\CI4\vendor\codeigniter4\framework\system\Commands\Server\rewrite.php(47): require_once('D:\\CI4\\public\\i...')
#11 {main}
CRITICAL - 2024-07-09 13:45:50 --> CodeIgniter\Database\Exceptions\DatabaseException: Unable to connect to the database.
Main connection [MySQLi]: No connection could be made because the target machine actively refused it
in SYSTEMPATH\Database\BaseConnection.php on line 428.
 1 SYSTEMPATH\Database\BaseConnection.php(575): CodeIgniter\Database\BaseConnection->initialize()
 2 SYSTEMPATH\Database\BaseBuilder.php(1616): CodeIgniter\Database\BaseConnection->query('SELECT *
FROM `user`
WHERE `username` = :username:
 LIMIT 1', [...], false)
 3 SYSTEMPATH\Model.php(270): CodeIgniter\Database\BaseBuilder->get()
 4 SYSTEMPATH\BaseModel.php(676): CodeIgniter\Model->doFirst()
 5 APPPATH\Controllers\AuthController.php(31): CodeIgniter\BaseModel->first()
 6 SYSTEMPATH\CodeIgniter.php(941): App\Controllers\AuthController->login()
 7 SYSTEMPATH\CodeIgniter.php(502): CodeIgniter\CodeIgniter->runController(Object(App\Controllers\AuthController))
 8 SYSTEMPATH\CodeIgniter.php(361): CodeIgniter\CodeIgniter->handleRequest(null, Object(Config\Cache), false)
 9 FCPATH\index.php(79): CodeIgniter\CodeIgniter->run()
10 SYSTEMPATH\Commands\Server\rewrite.php(47): require_once('D:\\CI4\\public\\index.php')
ERROR - 2024-07-09 14:31:30 --> Error connecting to the database: mysqli_sql_exception: No connection could be made because the target machine actively refused it in D:\CI4\vendor\codeigniter4\framework\system\Database\MySQLi\Connection.php:185
Stack trace:
#0 D:\CI4\vendor\codeigniter4\framework\system\Database\MySQLi\Connection.php(185): mysqli->real_connect('localhost', 'root', '', 'db_ci4', 3306, '', 0)
#1 D:\CI4\vendor\codeigniter4\framework\system\Database\BaseConnection.php(392): CodeIgniter\Database\MySQLi\Connection->connect(false)
#2 D:\CI4\vendor\codeigniter4\framework\system\Database\BaseConnection.php(575): CodeIgniter\Database\BaseConnection->initialize()
#3 D:\CI4\vendor\codeigniter4\framework\system\Database\BaseBuilder.php(1616): CodeIgniter\Database\BaseConnection->query('SELECT *\nFROM `...', Array, false)
#4 D:\CI4\vendor\codeigniter4\framework\system\Model.php(270): CodeIgniter\Database\BaseBuilder->get()
#5 D:\CI4\vendor\codeigniter4\framework\system\BaseModel.php(676): CodeIgniter\Model->doFirst()
#6 D:\CI4\app\Controllers\AuthController.php(31): CodeIgniter\BaseModel->first()
#7 D:\CI4\vendor\codeigniter4\framework\system\CodeIgniter.php(941): App\Controllers\AuthController->login()
#8 D:\CI4\vendor\codeigniter4\framework\system\CodeIgniter.php(502): CodeIgniter\CodeIgniter->runController(Object(App\Controllers\AuthController))
#9 D:\CI4\vendor\codeigniter4\framework\system\CodeIgniter.php(361): CodeIgniter\CodeIgniter->handleRequest(NULL, Object(Config\Cache), false)
#10 D:\CI4\public\index.php(79): CodeIgniter\CodeIgniter->run()
#11 D:\CI4\vendor\codeigniter4\framework\system\Commands\Server\rewrite.php(47): require_once('D:\\CI4\\public\\i...')
#12 {main}

Next CodeIgniter\Database\Exceptions\DatabaseException: No connection could be made because the target machine actively refused it in D:\CI4\vendor\codeigniter4\framework\system\Database\MySQLi\Connection.php:229
Stack trace:
#0 D:\CI4\vendor\codeigniter4\framework\system\Database\BaseConnection.php(392): CodeIgniter\Database\MySQLi\Connection->connect(false)
#1 D:\CI4\vendor\codeigniter4\framework\system\Database\BaseConnection.php(575): CodeIgniter\Database\BaseConnection->initialize()
#2 D:\CI4\vendor\codeigniter4\framework\system\Database\BaseBuilder.php(1616): CodeIgniter\Database\BaseConnection->query('SELECT *\nFROM `...', Array, false)
#3 D:\CI4\vendor\codeigniter4\framework\system\Model.php(270): CodeIgniter\Database\BaseBuilder->get()
#4 D:\CI4\vendor\codeigniter4\framework\system\BaseModel.php(676): CodeIgniter\Model->doFirst()
#5 D:\CI4\app\Controllers\AuthController.php(31): CodeIgniter\BaseModel->first()
#6 D:\CI4\vendor\codeigniter4\framework\system\CodeIgniter.php(941): App\Controllers\AuthController->login()
#7 D:\CI4\vendor\codeigniter4\framework\system\CodeIgniter.php(502): CodeIgniter\CodeIgniter->runController(Object(App\Controllers\AuthController))
#8 D:\CI4\vendor\codeigniter4\framework\system\CodeIgniter.php(361): CodeIgniter\CodeIgniter->handleRequest(NULL, Object(Config\Cache), false)
#9 D:\CI4\public\index.php(79): CodeIgniter\CodeIgniter->run()
#10 D:\CI4\vendor\codeigniter4\framework\system\Commands\Server\rewrite.php(47): require_once('D:\\CI4\\public\\i...')
#11 {main}
CRITICAL - 2024-07-09 14:31:30 --> CodeIgniter\Database\Exceptions\DatabaseException: Unable to connect to the database.
Main connection [MySQLi]: No connection could be made because the target machine actively refused it
in SYSTEMPATH\Database\BaseConnection.php on line 428.
 1 SYSTEMPATH\Database\BaseConnection.php(575): CodeIgniter\Database\BaseConnection->initialize()
 2 SYSTEMPATH\Database\BaseBuilder.php(1616): CodeIgniter\Database\BaseConnection->query('SELECT *
FROM `user`
WHERE `username` = :username:
 LIMIT 1', [...], false)
 3 SYSTEMPATH\Model.php(270): CodeIgniter\Database\BaseBuilder->get()
 4 SYSTEMPATH\BaseModel.php(676): CodeIgniter\Model->doFirst()
 5 APPPATH\Controllers\AuthController.php(31): CodeIgniter\BaseModel->first()
 6 SYSTEMPATH\CodeIgniter.php(941): App\Controllers\AuthController->login()
 7 SYSTEMPATH\CodeIgniter.php(502): CodeIgniter\CodeIgniter->runController(Object(App\Controllers\AuthController))
 8 SYSTEMPATH\CodeIgniter.php(361): CodeIgniter\CodeIgniter->handleRequest(null, Object(Config\Cache), false)
 9 FCPATH\index.php(79): CodeIgniter\CodeIgniter->run()
10 SYSTEMPATH\Commands\Server\rewrite.php(47): require_once('D:\\CI4\\public\\index.php')
CRITICAL - 2024-07-09 15:13:03 --> Error: Call to undefined function form_open()
in APPPATH\Views\v_home.php on line 17.
 1 SYSTEMPATH\View\View.php(228): include()
 2 SYSTEMPATH\View\View.php(231): CodeIgniter\View\View->CodeIgniter\View\{closure}()
 3 SYSTEMPATH\Common.php(1178): CodeIgniter\View\View->render('v_home', [], true)
 4 APPPATH\Controllers\Home.php(23): view('v_home', [...])
 5 SYSTEMPATH\CodeIgniter.php(941): App\Controllers\Home->index()
 6 SYSTEMPATH\CodeIgniter.php(502): CodeIgniter\CodeIgniter->runController(Object(App\Controllers\Home))
 7 SYSTEMPATH\CodeIgniter.php(361): CodeIgniter\CodeIgniter->handleRequest(null, Object(Config\Cache), false)
 8 FCPATH\index.php(79): CodeIgniter\CodeIgniter->run()
 9 SYSTEMPATH\Commands\Server\rewrite.php(47): require_once('D:\\CI4\\public\\index.php')
